<?xml version="1.0" encoding="UTF-8" ?>
<testsuite errors="0" failures="0" hostname="FabiansHP" name="tdp024.account.rest.service.AccountServiceTest" skipped="0" tests="5" time="11.081" timestamp="2014-10-15T14:02:47">
  <properties>
[...]
</properties>
  <testcase classname="tdp024.account.rest.service.AccountServiceTest" name="testDebit" time="5.111" />
  <testcase classname="tdp024.account.rest.service.AccountServiceTest" name="testFind" time="1.358" />
  <testcase classname="tdp024.account.rest.service.AccountServiceTest" name="testCredit" time="0.722" />
  <testcase classname="tdp024.account.rest.service.AccountServiceTest" name="testCreate" time="2.092" />
  <testcase classname="tdp024.account.rest.service.AccountServiceTest" name="testTransactions" time="0.852" />
  <system-out><![CDATA[[EL Info]: 2014-10-15 16:02:51.339--ServerSession(1899831569)--EclipseLink, version: Eclipse Persistence Services - 2.3.0.v20110604-r9504
[EL Info]: 2014-10-15 16:02:52.902--ServerSession(1899831569)--file:/C:/Users/Fabian/Development/TDP024/account-data-impl-db/build/classes/_account-dataPU login successful
[EL Warning]: 2014-10-15 16:02:53.254--ServerSession(1899831569)--Exception [EclipseLink-4002] (Eclipse Persistence Services - 2.3.0.v20110604-r9504): org.eclipse.persistence.exceptions.DatabaseException
Internal Exception: java.sql.SQLSyntaxErrorException: 'ALTER TABLE' cannot be performed on 'TRANSACTIONDB' because it does not exist.
Error Code: 30000
Call: ALTER TABLE TRANSACTIONDB DROP CONSTRAINT TRNSACTIONDBCCNTID
Query: DataModifyQuery(sql="ALTER TABLE TRANSACTIONDB DROP CONSTRAINT TRNSACTIONDBCCNTID")
[EL Warning]: 2014-10-15 16:02:53.26--ServerSession(1899831569)--Exception [EclipseLink-4002] (Eclipse Persistence Services - 2.3.0.v20110604-r9504): org.eclipse.persistence.exceptions.DatabaseException
Internal Exception: java.sql.SQLSyntaxErrorException: 'DROP TABLE' cannot be performed on 'ACCOUNTDB' because it does not exist.
Error Code: 30000
Call: DROP TABLE ACCOUNTDB
Query: DataModifyQuery(sql="DROP TABLE ACCOUNTDB")
[EL Warning]: 2014-10-15 16:02:53.357--ServerSession(1899831569)--Exception [EclipseLink-4002] (Eclipse Persistence Services - 2.3.0.v20110604-r9504): org.eclipse.persistence.exceptions.DatabaseException
Internal Exception: java.sql.SQLSyntaxErrorException: 'DROP TABLE' cannot be performed on 'TRANSACTIONDB' because it does not exist.
Error Code: 30000
Call: DROP TABLE TRANSACTIONDB
Query: DataModifyQuery(sql="DROP TABLE TRANSACTIONDB")
updateAmount, change: 700
updateAmount, change: -800
updateAmount, change: -300
updateAmount, change: -400
updateAmount, change: -400
[EL Info]: 2014-10-15 16:02:54.01--ServerSession(1899831569)--file:/C:/Users/Fabian/Development/TDP024/account-data-impl-db/build/classes/_account-dataPU logout successful
[EL Info]: 2014-10-15 16:02:54.501--ServerSession(1336655826)--EclipseLink, version: Eclipse Persistence Services - 2.3.0.v20110604-r9504
[EL Info]: 2014-10-15 16:02:54.508--ServerSession(1336655826)--file:/C:/Users/Fabian/Development/TDP024/account-data-impl-db/build/classes/_account-dataPU login successful
[EL Warning]: 2014-10-15 16:02:54.682--ServerSession(1336655826)--Exception [EclipseLink-4002] (Eclipse Persistence Services - 2.3.0.v20110604-r9504): org.eclipse.persistence.exceptions.DatabaseException
Internal Exception: java.sql.SQLException: Table/View 'SEQUENCE' already exists in Schema 'APP'.
Error Code: 30000
Call: CREATE TABLE SEQUENCE (SEQ_NAME VARCHAR(50) NOT NULL, SEQ_COUNT DECIMAL(15), PRIMARY KEY (SEQ_NAME))
Query: DataModifyQuery(sql="CREATE TABLE SEQUENCE (SEQ_NAME VARCHAR(50) NOT NULL, SEQ_COUNT DECIMAL(15), PRIMARY KEY (SEQ_NAME))")
[EL Info]: 2014-10-15 16:02:55.373--ServerSession(1336655826)--file:/C:/Users/Fabian/Development/TDP024/account-data-impl-db/build/classes/_account-dataPU logout successful
[EL Info]: 2014-10-15 16:02:55.88--ServerSession(1489362328)--EclipseLink, version: Eclipse Persistence Services - 2.3.0.v20110604-r9504
[EL Info]: 2014-10-15 16:02:55.889--ServerSession(1489362328)--file:/C:/Users/Fabian/Development/TDP024/account-data-impl-db/build/classes/_account-dataPU login successful
[EL Warning]: 2014-10-15 16:02:56.005--ServerSession(1489362328)--Exception [EclipseLink-4002] (Eclipse Persistence Services - 2.3.0.v20110604-r9504): org.eclipse.persistence.exceptions.DatabaseException
Internal Exception: java.sql.SQLException: Table/View 'SEQUENCE' already exists in Schema 'APP'.
Error Code: 30000
Call: CREATE TABLE SEQUENCE (SEQ_NAME VARCHAR(50) NOT NULL, SEQ_COUNT DECIMAL(15), PRIMARY KEY (SEQ_NAME))
Query: DataModifyQuery(sql="CREATE TABLE SEQUENCE (SEQ_NAME VARCHAR(50) NOT NULL, SEQ_COUNT DECIMAL(15), PRIMARY KEY (SEQ_NAME))")
updateAmount, change: 700
updateAmount, change: 600
[EL Info]: 2014-10-15 16:02:56.098--ServerSession(1489362328)--file:/C:/Users/Fabian/Development/TDP024/account-data-impl-db/build/classes/_account-dataPU logout successful
[EL Info]: 2014-10-15 16:02:57.196--ServerSession(1523042119)--EclipseLink, version: Eclipse Persistence Services - 2.3.0.v20110604-r9504
[EL Info]: 2014-10-15 16:02:57.201--ServerSession(1523042119)--file:/C:/Users/Fabian/Development/TDP024/account-data-impl-db/build/classes/_account-dataPU login successful
[EL Warning]: 2014-10-15 16:02:57.294--ServerSession(1523042119)--Exception [EclipseLink-4002] (Eclipse Persistence Services - 2.3.0.v20110604-r9504): org.eclipse.persistence.exceptions.DatabaseException
Internal Exception: java.sql.SQLException: Table/View 'SEQUENCE' already exists in Schema 'APP'.
Error Code: 30000
Call: CREATE TABLE SEQUENCE (SEQ_NAME VARCHAR(50) NOT NULL, SEQ_COUNT DECIMAL(15), PRIMARY KEY (SEQ_NAME))
Query: DataModifyQuery(sql="CREATE TABLE SEQUENCE (SEQ_NAME VARCHAR(50) NOT NULL, SEQ_COUNT DECIMAL(15), PRIMARY KEY (SEQ_NAME))")
[EL Info]: 2014-10-15 16:02:58.19--ServerSession(1523042119)--file:/C:/Users/Fabian/Development/TDP024/account-data-impl-db/build/classes/_account-dataPU logout successful
[EL Info]: 2014-10-15 16:02:58.783--ServerSession(940459090)--EclipseLink, version: Eclipse Persistence Services - 2.3.0.v20110604-r9504
[EL Info]: 2014-10-15 16:02:58.788--ServerSession(940459090)--file:/C:/Users/Fabian/Development/TDP024/account-data-impl-db/build/classes/_account-dataPU login successful
[EL Warning]: 2014-10-15 16:02:58.896--ServerSession(940459090)--Exception [EclipseLink-4002] (Eclipse Persistence Services - 2.3.0.v20110604-r9504): org.eclipse.persistence.exceptions.DatabaseException
Internal Exception: java.sql.SQLException: Table/View 'SEQUENCE' already exists in Schema 'APP'.
Error Code: 30000
Call: CREATE TABLE SEQUENCE (SEQ_NAME VARCHAR(50) NOT NULL, SEQ_COUNT DECIMAL(15), PRIMARY KEY (SEQ_NAME))
Query: DataModifyQuery(sql="CREATE TABLE SEQUENCE (SEQ_NAME VARCHAR(50) NOT NULL, SEQ_COUNT DECIMAL(15), PRIMARY KEY (SEQ_NAME))")
updateAmount, change: 700
updateAmount, change: -800
updateAmount, change: -300
updateAmount, change: -400
[]
[EL Info]: 2014-10-15 16:02:59.045--ServerSession(940459090)--file:/C:/Users/Fabian/Development/TDP024/account-data-impl-db/build/classes/_account-dataPU logout successful
]]></system-out>
  <system-err><![CDATA[java.lang.Exception: transaction failed
	at se.liu.ida.tdp024.account.data.impl.db.facade.AccountEntityFacadeDB.updateAmount(AccountEntityFacadeDB.java:159)
	at se.liu.ida.tdp024.account.logic.impl.facade.AccountLogicFacadeImpl.debit(AccountLogicFacadeImpl.java:69)
	at se.liu.ida.tdp024.account.rest.service.AccountService.debit(AccountService.java:59)
	at tdp024.account.rest.service.AccountServiceTest.testDebit(AccountServiceTest.java:104)
	at sun.reflect.NativeMethodAccessorImpl.invoke0(Native Method)
	at sun.reflect.NativeMethodAccessorImpl.invoke(NativeMethodAccessorImpl.java:57)
	at sun.reflect.DelegatingMethodAccessorImpl.invoke(DelegatingMethodAccessorImpl.java:43)
	at java.lang.reflect.Method.invoke(Method.java:606)
	at org.junit.runners.model.FrameworkMethod$1.runReflectiveCall(FrameworkMethod.java:45)
	at org.junit.internal.runners.model.ReflectiveCallable.run(ReflectiveCallable.java:15)
	at org.junit.runners.model.FrameworkMethod.invokeExplosively(FrameworkMethod.java:42)
	at org.junit.internal.runners.statements.InvokeMethod.evaluate(InvokeMethod.java:20)
	at org.junit.internal.runners.statements.RunAfters.evaluate(RunAfters.java:30)
	at org.junit.runners.ParentRunner.runLeaf(ParentRunner.java:263)
	at org.junit.runners.BlockJUnit4ClassRunner.runChild(BlockJUnit4ClassRunner.java:68)
	at org.junit.runners.BlockJUnit4ClassRunner.runChild(BlockJUnit4ClassRunner.java:47)
	at org.junit.runners.ParentRunner$3.run(ParentRunner.java:231)
	at org.junit.runners.ParentRunner$1.schedule(ParentRunner.java:60)
	at org.junit.runners.ParentRunner.runChildren(ParentRunner.java:229)
	at org.junit.runners.ParentRunner.access$000(ParentRunner.java:50)
	at org.junit.runners.ParentRunner$2.evaluate(ParentRunner.java:222)
	at org.junit.runners.ParentRunner.run(ParentRunner.java:300)
	at junit.framework.JUnit4TestAdapter.run(JUnit4TestAdapter.java:39)
	at org.apache.tools.ant.taskdefs.optional.junit.JUnitTestRunner.run(JUnitTestRunner.java:523)
	at org.apache.tools.ant.taskdefs.optional.junit.JUnitTestRunner.launch(JUnitTestRunner.java:1063)
	at org.apache.tools.ant.taskdefs.optional.junit.JUnitTestRunner.main(JUnitTestRunner.java:914)
okt 15, 2014 4:02:53 EM se.liu.ida.tdp024.account.rest.service.AccountService debit
SEVERE: null
java.lang.IllegalStateException: Attempting to execute an operation on a closed EntityManager.
	at org.eclipse.persistence.internal.jpa.EntityManagerImpl.verifyOpen(EntityManagerImpl.java:1665)
	at org.eclipse.persistence.internal.jpa.EntityManagerImpl.close(EntityManagerImpl.java:1529)
	at se.liu.ida.tdp024.account.data.impl.db.facade.AccountEntityFacadeDB.updateAmount(AccountEntityFacadeDB.java:170)
	at se.liu.ida.tdp024.account.logic.impl.facade.AccountLogicFacadeImpl.debit(AccountLogicFacadeImpl.java:69)
	at se.liu.ida.tdp024.account.rest.service.AccountService.debit(AccountService.java:59)
	at tdp024.account.rest.service.AccountServiceTest.testDebit(AccountServiceTest.java:104)
	at sun.reflect.NativeMethodAccessorImpl.invoke0(Native Method)
	at sun.reflect.NativeMethodAccessorImpl.invoke(NativeMethodAccessorImpl.java:57)
	at sun.reflect.DelegatingMethodAccessorImpl.invoke(DelegatingMethodAccessorImpl.java:43)
	at java.lang.reflect.Method.invoke(Method.java:606)
	at org.junit.runners.model.FrameworkMethod$1.runReflectiveCall(FrameworkMethod.java:45)
	at org.junit.internal.runners.model.ReflectiveCallable.run(ReflectiveCallable.java:15)
	at org.junit.runners.model.FrameworkMethod.invokeExplosively(FrameworkMethod.java:42)
	at org.junit.internal.runners.statements.InvokeMethod.evaluate(InvokeMethod.java:20)
	at org.junit.internal.runners.statements.RunAfters.evaluate(RunAfters.java:30)
	at org.junit.runners.ParentRunner.runLeaf(ParentRunner.java:263)
	at org.junit.runners.BlockJUnit4ClassRunner.runChild(BlockJUnit4ClassRunner.java:68)
	at org.junit.runners.BlockJUnit4ClassRunner.runChild(BlockJUnit4ClassRunner.java:47)
	at org.junit.runners.ParentRunner$3.run(ParentRunner.java:231)
	at org.junit.runners.ParentRunner$1.schedule(ParentRunner.java:60)
	at org.junit.runners.ParentRunner.runChildren(ParentRunner.java:229)
	at org.junit.runners.ParentRunner.access$000(ParentRunner.java:50)
	at org.junit.runners.ParentRunner$2.evaluate(ParentRunner.java:222)
	at org.junit.runners.ParentRunner.run(ParentRunner.java:300)
	at junit.framework.JUnit4TestAdapter.run(JUnit4TestAdapter.java:39)
	at org.apache.tools.ant.taskdefs.optional.junit.JUnitTestRunner.run(JUnitTestRunner.java:523)
	at org.apache.tools.ant.taskdefs.optional.junit.JUnitTestRunner.launch(JUnitTestRunner.java:1063)
	at org.apache.tools.ant.taskdefs.optional.junit.JUnitTestRunner.main(JUnitTestRunner.java:914)

java.lang.NullPointerException
	at se.liu.ida.tdp024.account.data.impl.db.facade.AccountEntityFacadeDB.updateAmount(AccountEntityFacadeDB.java:134)
	at se.liu.ida.tdp024.account.logic.impl.facade.AccountLogicFacadeImpl.debit(AccountLogicFacadeImpl.java:69)
	at se.liu.ida.tdp024.account.rest.service.AccountService.debit(AccountService.java:59)
	at tdp024.account.rest.service.AccountServiceTest.testDebit(AccountServiceTest.java:112)
	at sun.reflect.NativeMethodAccessorImpl.invoke0(Native Method)
	at sun.reflect.NativeMethodAccessorImpl.invoke(NativeMethodAccessorImpl.java:57)
	at sun.reflect.DelegatingMethodAccessorImpl.invoke(DelegatingMethodAccessorImpl.java:43)
	at java.lang.reflect.Method.invoke(Method.java:606)
	at org.junit.runners.model.FrameworkMethod$1.runReflectiveCall(FrameworkMethod.java:45)
	at org.junit.internal.runners.model.ReflectiveCallable.run(ReflectiveCallable.java:15)
	at org.junit.runners.model.FrameworkMethod.invokeExplosively(FrameworkMethod.java:42)
	at org.junit.internal.runners.statements.InvokeMethod.evaluate(InvokeMethod.java:20)
	at org.junit.internal.runners.statements.RunAfters.evaluate(RunAfters.java:30)
	at org.junit.runners.ParentRunner.runLeaf(ParentRunner.java:263)
	at org.junit.runners.BlockJUnit4ClassRunner.runChild(BlockJUnit4ClassRunner.java:68)
	at org.junit.runners.BlockJUnit4ClassRunner.runChild(BlockJUnit4ClassRunner.java:47)
	at org.junit.runners.ParentRunner$3.run(ParentRunner.java:231)
	at org.junit.runners.ParentRunner$1.schedule(ParentRunner.java:60)
	at org.junit.runners.ParentRunner.runChildren(ParentRunner.java:229)
	at org.junit.runners.ParentRunner.access$000(ParentRunner.java:50)
	at org.junit.runners.ParentRunner$2.evaluate(ParentRunner.java:222)
	at org.junit.runners.ParentRunner.run(ParentRunner.java:300)
	at junit.framework.JUnit4TestAdapter.run(JUnit4TestAdapter.java:39)
	at org.apache.tools.ant.taskdefs.optional.junit.JUnitTestRunner.run(JUnitTestRunner.java:523)
	at org.apache.tools.ant.taskdefs.optional.junit.JUnitTestRunner.launch(JUnitTestRunner.java:1063)
	at org.apache.tools.ant.taskdefs.optional.junit.JUnitTestRunner.main(JUnitTestRunner.java:914)
okt 15, 2014 4:02:54 EM se.liu.ida.tdp024.account.rest.service.AccountService debit
SEVERE: null
java.lang.NullPointerException
	at se.liu.ida.tdp024.account.data.impl.db.facade.AccountEntityFacadeDB.updateAmount(AccountEntityFacadeDB.java:134)
	at se.liu.ida.tdp024.account.logic.impl.facade.AccountLogicFacadeImpl.debit(AccountLogicFacadeImpl.java:69)
	at se.liu.ida.tdp024.account.rest.service.AccountService.debit(AccountService.java:59)
	at tdp024.account.rest.service.AccountServiceTest.testDebit(AccountServiceTest.java:112)
	at sun.reflect.NativeMethodAccessorImpl.invoke0(Native Method)
	at sun.reflect.NativeMethodAccessorImpl.invoke(NativeMethodAccessorImpl.java:57)
	at sun.reflect.DelegatingMethodAccessorImpl.invoke(DelegatingMethodAccessorImpl.java:43)
	at java.lang.reflect.Method.invoke(Method.java:606)
	at org.junit.runners.model.FrameworkMethod$1.runReflectiveCall(FrameworkMethod.java:45)
	at org.junit.internal.runners.model.ReflectiveCallable.run(ReflectiveCallable.java:15)
	at org.junit.runners.model.FrameworkMethod.invokeExplosively(FrameworkMethod.java:42)
	at org.junit.internal.runners.statements.InvokeMethod.evaluate(InvokeMethod.java:20)
	at org.junit.internal.runners.statements.RunAfters.evaluate(RunAfters.java:30)
	at org.junit.runners.ParentRunner.runLeaf(ParentRunner.java:263)
	at org.junit.runners.BlockJUnit4ClassRunner.runChild(BlockJUnit4ClassRunner.java:68)
	at org.junit.runners.BlockJUnit4ClassRunner.runChild(BlockJUnit4ClassRunner.java:47)
	at org.junit.runners.ParentRunner$3.run(ParentRunner.java:231)
	at org.junit.runners.ParentRunner$1.schedule(ParentRunner.java:60)
	at org.junit.runners.ParentRunner.runChildren(ParentRunner.java:229)
	at org.junit.runners.ParentRunner.access$000(ParentRunner.java:50)
	at org.junit.runners.ParentRunner$2.evaluate(ParentRunner.java:222)
	at org.junit.runners.ParentRunner.run(ParentRunner.java:300)
	at junit.framework.JUnit4TestAdapter.run(JUnit4TestAdapter.java:39)
	at org.apache.tools.ant.taskdefs.optional.junit.JUnitTestRunner.run(JUnitTestRunner.java:523)
	at org.apache.tools.ant.taskdefs.optional.junit.JUnitTestRunner.launch(JUnitTestRunner.java:1063)
	at org.apache.tools.ant.taskdefs.optional.junit.JUnitTestRunner.main(JUnitTestRunner.java:914)

okt 15, 2014 4:02:55 EM se.liu.ida.tdp024.account.rest.service.AccountService find
SEVERE: null
java.lang.IllegalArgumentException
	at se.liu.ida.tdp024.account.logic.impl.facade.AccountLogicFacadeImpl.find(AccountLogicFacadeImpl.java:62)
	at se.liu.ida.tdp024.account.rest.service.AccountService.find(AccountService.java:46)
	at tdp024.account.rest.service.AccountServiceTest.testFind(AccountServiceTest.java:78)
	at sun.reflect.NativeMethodAccessorImpl.invoke0(Native Method)
	at sun.reflect.NativeMethodAccessorImpl.invoke(NativeMethodAccessorImpl.java:57)
	at sun.reflect.DelegatingMethodAccessorImpl.invoke(DelegatingMethodAccessorImpl.java:43)
	at java.lang.reflect.Method.invoke(Method.java:606)
	at org.junit.runners.model.FrameworkMethod$1.runReflectiveCall(FrameworkMethod.java:45)
	at org.junit.internal.runners.model.ReflectiveCallable.run(ReflectiveCallable.java:15)
	at org.junit.runners.model.FrameworkMethod.invokeExplosively(FrameworkMethod.java:42)
	at org.junit.internal.runners.statements.InvokeMethod.evaluate(InvokeMethod.java:20)
	at org.junit.internal.runners.statements.RunAfters.evaluate(RunAfters.java:30)
	at org.junit.runners.ParentRunner.runLeaf(ParentRunner.java:263)
	at org.junit.runners.BlockJUnit4ClassRunner.runChild(BlockJUnit4ClassRunner.java:68)
	at org.junit.runners.BlockJUnit4ClassRunner.runChild(BlockJUnit4ClassRunner.java:47)
	at org.junit.runners.ParentRunner$3.run(ParentRunner.java:231)
	at org.junit.runners.ParentRunner$1.schedule(ParentRunner.java:60)
	at org.junit.runners.ParentRunner.runChildren(ParentRunner.java:229)
	at org.junit.runners.ParentRunner.access$000(ParentRunner.java:50)
	at org.junit.runners.ParentRunner$2.evaluate(ParentRunner.java:222)
	at org.junit.runners.ParentRunner.run(ParentRunner.java:300)
	at junit.framework.JUnit4TestAdapter.run(JUnit4TestAdapter.java:39)
	at org.apache.tools.ant.taskdefs.optional.junit.JUnitTestRunner.run(JUnitTestRunner.java:523)
	at org.apache.tools.ant.taskdefs.optional.junit.JUnitTestRunner.launch(JUnitTestRunner.java:1063)
	at org.apache.tools.ant.taskdefs.optional.junit.JUnitTestRunner.main(JUnitTestRunner.java:914)

java.lang.NullPointerException
	at se.liu.ida.tdp024.account.data.impl.db.facade.AccountEntityFacadeDB.updateAmount(AccountEntityFacadeDB.java:145)
	at se.liu.ida.tdp024.account.logic.impl.facade.AccountLogicFacadeImpl.credit(AccountLogicFacadeImpl.java:74)
	at se.liu.ida.tdp024.account.rest.service.AccountService.credit(AccountService.java:73)
	at tdp024.account.rest.service.AccountServiceTest.testCredit(AccountServiceTest.java:135)
	at sun.reflect.NativeMethodAccessorImpl.invoke0(Native Method)
	at sun.reflect.NativeMethodAccessorImpl.invoke(NativeMethodAccessorImpl.java:57)
	at sun.reflect.DelegatingMethodAccessorImpl.invoke(DelegatingMethodAccessorImpl.java:43)
	at java.lang.reflect.Method.invoke(Method.java:606)
	at org.junit.runners.model.FrameworkMethod$1.runReflectiveCall(FrameworkMethod.java:45)
	at org.junit.internal.runners.model.ReflectiveCallable.run(ReflectiveCallable.java:15)
	at org.junit.runners.model.FrameworkMethod.invokeExplosively(FrameworkMethod.java:42)
	at org.junit.internal.runners.statements.InvokeMethod.evaluate(InvokeMethod.java:20)
	at org.junit.internal.runners.statements.RunAfters.evaluate(RunAfters.java:30)
	at org.junit.runners.ParentRunner.runLeaf(ParentRunner.java:263)
	at org.junit.runners.BlockJUnit4ClassRunner.runChild(BlockJUnit4ClassRunner.java:68)
	at org.junit.runners.BlockJUnit4ClassRunner.runChild(BlockJUnit4ClassRunner.java:47)
	at org.junit.runners.ParentRunner$3.run(ParentRunner.java:231)
	at org.junit.runners.ParentRunner$1.schedule(ParentRunner.java:60)
	at org.junit.runners.ParentRunner.runChildren(ParentRunner.java:229)
	at org.junit.runners.ParentRunner.access$000(ParentRunner.java:50)
	at org.junit.runners.ParentRunner$2.evaluate(ParentRunner.java:222)
	at org.junit.runners.ParentRunner.run(ParentRunner.java:300)
	at junit.framework.JUnit4TestAdapter.run(JUnit4TestAdapter.java:39)
	at org.apache.tools.ant.taskdefs.optional.junit.JUnitTestRunner.run(JUnitTestRunner.java:523)
	at org.apache.tools.ant.taskdefs.optional.junit.JUnitTestRunner.launch(JUnitTestRunner.java:1063)
	at org.apache.tools.ant.taskdefs.optional.junit.JUnitTestRunner.main(JUnitTestRunner.java:914)
okt 15, 2014 4:02:56 EM se.liu.ida.tdp024.account.rest.service.AccountService credit
SEVERE: null
java.lang.NullPointerException
	at se.liu.ida.tdp024.account.data.impl.db.facade.AccountEntityFacadeDB.updateAmount(AccountEntityFacadeDB.java:145)
	at se.liu.ida.tdp024.account.logic.impl.facade.AccountLogicFacadeImpl.credit(AccountLogicFacadeImpl.java:74)
	at se.liu.ida.tdp024.account.rest.service.AccountService.credit(AccountService.java:73)
	at tdp024.account.rest.service.AccountServiceTest.testCredit(AccountServiceTest.java:135)
	at sun.reflect.NativeMethodAccessorImpl.invoke0(Native Method)
	at sun.reflect.NativeMethodAccessorImpl.invoke(NativeMethodAccessorImpl.java:57)
	at sun.reflect.DelegatingMethodAccessorImpl.invoke(DelegatingMethodAccessorImpl.java:43)
	at java.lang.reflect.Method.invoke(Method.java:606)
	at org.junit.runners.model.FrameworkMethod$1.runReflectiveCall(FrameworkMethod.java:45)
	at org.junit.internal.runners.model.ReflectiveCallable.run(ReflectiveCallable.java:15)
	at org.junit.runners.model.FrameworkMethod.invokeExplosively(FrameworkMethod.java:42)
	at org.junit.internal.runners.statements.InvokeMethod.evaluate(InvokeMethod.java:20)
	at org.junit.internal.runners.statements.RunAfters.evaluate(RunAfters.java:30)
	at org.junit.runners.ParentRunner.runLeaf(ParentRunner.java:263)
	at org.junit.runners.BlockJUnit4ClassRunner.runChild(BlockJUnit4ClassRunner.java:68)
	at org.junit.runners.BlockJUnit4ClassRunner.runChild(BlockJUnit4ClassRunner.java:47)
	at org.junit.runners.ParentRunner$3.run(ParentRunner.java:231)
	at org.junit.runners.ParentRunner$1.schedule(ParentRunner.java:60)
	at org.junit.runners.ParentRunner.runChildren(ParentRunner.java:229)
	at org.junit.runners.ParentRunner.access$000(ParentRunner.java:50)
	at org.junit.runners.ParentRunner$2.evaluate(ParentRunner.java:222)
	at org.junit.runners.ParentRunner.run(ParentRunner.java:300)
	at junit.framework.JUnit4TestAdapter.run(JUnit4TestAdapter.java:39)
	at org.apache.tools.ant.taskdefs.optional.junit.JUnitTestRunner.run(JUnitTestRunner.java:523)
	at org.apache.tools.ant.taskdefs.optional.junit.JUnitTestRunner.launch(JUnitTestRunner.java:1063)
	at org.apache.tools.ant.taskdefs.optional.junit.JUnitTestRunner.main(JUnitTestRunner.java:914)

java.lang.Exception: transaction failed
	at se.liu.ida.tdp024.account.data.impl.db.facade.AccountEntityFacadeDB.updateAmount(AccountEntityFacadeDB.java:159)
	at se.liu.ida.tdp024.account.logic.impl.facade.AccountLogicFacadeImpl.debit(AccountLogicFacadeImpl.java:69)
	at se.liu.ida.tdp024.account.rest.service.AccountService.debit(AccountService.java:59)
	at tdp024.account.rest.service.AccountServiceTest.testTransactions(AccountServiceTest.java:154)
	at sun.reflect.NativeMethodAccessorImpl.invoke0(Native Method)
	at sun.reflect.NativeMethodAccessorImpl.invoke(NativeMethodAccessorImpl.java:57)
	at sun.reflect.DelegatingMethodAccessorImpl.invoke(DelegatingMethodAccessorImpl.java:43)
	at java.lang.reflect.Method.invoke(Method.java:606)
	at org.junit.runners.model.FrameworkMethod$1.runReflectiveCall(FrameworkMethod.java:45)
	at org.junit.internal.runners.model.ReflectiveCallable.run(ReflectiveCallable.java:15)
	at org.junit.runners.model.FrameworkMethod.invokeExplosively(FrameworkMethod.java:42)
	at org.junit.internal.runners.statements.InvokeMethod.evaluate(InvokeMethod.java:20)
	at org.junit.internal.runners.statements.RunAfters.evaluate(RunAfters.java:30)
	at org.junit.runners.ParentRunner.runLeaf(ParentRunner.java:263)
	at org.junit.runners.BlockJUnit4ClassRunner.runChild(BlockJUnit4ClassRunner.java:68)
	at org.junit.runners.BlockJUnit4ClassRunner.runChild(BlockJUnit4ClassRunner.java:47)
	at org.junit.runners.ParentRunner$3.run(ParentRunner.java:231)
	at org.junit.runners.ParentRunner$1.schedule(ParentRunner.java:60)
	at org.junit.runners.ParentRunner.runChildren(ParentRunner.java:229)
	at org.junit.runners.ParentRunner.access$000(ParentRunner.java:50)
	at org.junit.runners.ParentRunner$2.evaluate(ParentRunner.java:222)
	at org.junit.runners.ParentRunner.run(ParentRunner.java:300)
	at junit.framework.JUnit4TestAdapter.run(JUnit4TestAdapter.java:39)
	at org.apache.tools.ant.taskdefs.optional.junit.JUnitTestRunner.run(JUnitTestRunner.java:523)
	at org.apache.tools.ant.taskdefs.optional.junit.JUnitTestRunner.launch(JUnitTestRunner.java:1063)
	at org.apache.tools.ant.taskdefs.optional.junit.JUnitTestRunner.main(JUnitTestRunner.java:914)
okt 15, 2014 4:02:58 EM se.liu.ida.tdp024.account.rest.service.AccountService debit
SEVERE: null
java.lang.IllegalStateException: Attempting to execute an operation on a closed EntityManager.
	at org.eclipse.persistence.internal.jpa.EntityManagerImpl.verifyOpen(EntityManagerImpl.java:1665)
	at org.eclipse.persistence.internal.jpa.EntityManagerImpl.close(EntityManagerImpl.java:1529)
	at se.liu.ida.tdp024.account.data.impl.db.facade.AccountEntityFacadeDB.updateAmount(AccountEntityFacadeDB.java:170)
	at se.liu.ida.tdp024.account.logic.impl.facade.AccountLogicFacadeImpl.debit(AccountLogicFacadeImpl.java:69)
	at se.liu.ida.tdp024.account.rest.service.AccountService.debit(AccountService.java:59)
	at tdp024.account.rest.service.AccountServiceTest.testTransactions(AccountServiceTest.java:154)
	at sun.reflect.NativeMethodAccessorImpl.invoke0(Native Method)
	at sun.reflect.NativeMethodAccessorImpl.invoke(NativeMethodAccessorImpl.java:57)
	at sun.reflect.DelegatingMethodAccessorImpl.invoke(DelegatingMethodAccessorImpl.java:43)
	at java.lang.reflect.Method.invoke(Method.java:606)
	at org.junit.runners.model.FrameworkMethod$1.runReflectiveCall(FrameworkMethod.java:45)
	at org.junit.internal.runners.model.ReflectiveCallable.run(ReflectiveCallable.java:15)
	at org.junit.runners.model.FrameworkMethod.invokeExplosively(FrameworkMethod.java:42)
	at org.junit.internal.runners.statements.InvokeMethod.evaluate(InvokeMethod.java:20)
	at org.junit.internal.runners.statements.RunAfters.evaluate(RunAfters.java:30)
	at org.junit.runners.ParentRunner.runLeaf(ParentRunner.java:263)
	at org.junit.runners.BlockJUnit4ClassRunner.runChild(BlockJUnit4ClassRunner.java:68)
	at org.junit.runners.BlockJUnit4ClassRunner.runChild(BlockJUnit4ClassRunner.java:47)
	at org.junit.runners.ParentRunner$3.run(ParentRunner.java:231)
	at org.junit.runners.ParentRunner$1.schedule(ParentRunner.java:60)
	at org.junit.runners.ParentRunner.runChildren(ParentRunner.java:229)
	at org.junit.runners.ParentRunner.access$000(ParentRunner.java:50)
	at org.junit.runners.ParentRunner$2.evaluate(ParentRunner.java:222)
	at org.junit.runners.ParentRunner.run(ParentRunner.java:300)
	at junit.framework.JUnit4TestAdapter.run(JUnit4TestAdapter.java:39)
	at org.apache.tools.ant.taskdefs.optional.junit.JUnitTestRunner.run(JUnitTestRunner.java:523)
	at org.apache.tools.ant.taskdefs.optional.junit.JUnitTestRunner.launch(JUnitTestRunner.java:1063)
	at org.apache.tools.ant.taskdefs.optional.junit.JUnitTestRunner.main(JUnitTestRunner.java:914)

okt 15, 2014 4:02:59 EM se.liu.ida.tdp024.account.rest.service.AccountService transactions
SEVERE: null
java.lang.NullPointerException
	at se.liu.ida.tdp024.account.logic.impl.facade.AccountLogicFacadeImpl.transactions(AccountLogicFacadeImpl.java:79)
	at se.liu.ida.tdp024.account.rest.service.AccountService.transactions(AccountService.java:86)
	at tdp024.account.rest.service.AccountServiceTest.testTransactions(AccountServiceTest.java:177)
	at sun.reflect.NativeMethodAccessorImpl.invoke0(Native Method)
	at sun.reflect.NativeMethodAccessorImpl.invoke(NativeMethodAccessorImpl.java:57)
	at sun.reflect.DelegatingMethodAccessorImpl.invoke(DelegatingMethodAccessorImpl.java:43)
	at java.lang.reflect.Method.invoke(Method.java:606)
	at org.junit.runners.model.FrameworkMethod$1.runReflectiveCall(FrameworkMethod.java:45)
	at org.junit.internal.runners.model.ReflectiveCallable.run(ReflectiveCallable.java:15)
	at org.junit.runners.model.FrameworkMethod.invokeExplosively(FrameworkMethod.java:42)
	at org.junit.internal.runners.statements.InvokeMethod.evaluate(InvokeMethod.java:20)
	at org.junit.internal.runners.statements.RunAfters.evaluate(RunAfters.java:30)
	at org.junit.runners.ParentRunner.runLeaf(ParentRunner.java:263)
	at org.junit.runners.BlockJUnit4ClassRunner.runChild(BlockJUnit4ClassRunner.java:68)
	at org.junit.runners.BlockJUnit4ClassRunner.runChild(BlockJUnit4ClassRunner.java:47)
	at org.junit.runners.ParentRunner$3.run(ParentRunner.java:231)
	at org.junit.runners.ParentRunner$1.schedule(ParentRunner.java:60)
	at org.junit.runners.ParentRunner.runChildren(ParentRunner.java:229)
	at org.junit.runners.ParentRunner.access$000(ParentRunner.java:50)
	at org.junit.runners.ParentRunner$2.evaluate(ParentRunner.java:222)
	at org.junit.runners.ParentRunner.run(ParentRunner.java:300)
	at junit.framework.JUnit4TestAdapter.run(JUnit4TestAdapter.java:39)
	at org.apache.tools.ant.taskdefs.optional.junit.JUnitTestRunner.run(JUnitTestRunner.java:523)
	at org.apache.tools.ant.taskdefs.optional.junit.JUnitTestRunner.launch(JUnitTestRunner.java:1063)
	at org.apache.tools.ant.taskdefs.optional.junit.JUnitTestRunner.main(JUnitTestRunner.java:914)

]]></system-err>
</testsuite>
