<?xml version="1.0" encoding="UTF-8" ?>
<testsuite errors="0" failures="1" hostname="c-207-134.eduroam.liu.se" name="tdp024.account.rest.service.AccountServiceTest" skipped="0" tests="5" time="9.762" timestamp="2014-10-14T10:02:29">
  <properties>
[...]
</properties>
  <testcase classname="tdp024.account.rest.service.AccountServiceTest" name="testCreate" time="5.529" />
  <testcase classname="tdp024.account.rest.service.AccountServiceTest" name="testFind" time="1.203" />
  <testcase classname="tdp024.account.rest.service.AccountServiceTest" name="testDedit" time="0.652" />
  <testcase classname="tdp024.account.rest.service.AccountServiceTest" name="testCredit" time="0.588">
    <failure message="expected:&lt;[FAILED]&gt; but was:&lt;[OK]&gt;" type="junit.framework.AssertionFailedError">junit.framework.AssertionFailedError: expected:&lt;[FAILED]&gt; but was:&lt;[OK]&gt;
	at tdp024.account.rest.service.AccountServiceTest.testCredit(AccountServiceTest.java:132)
</failure>
  </testcase>
  <testcase classname="tdp024.account.rest.service.AccountServiceTest" name="testTransactions" time="0.907" />
  <system-out><![CDATA[[EL Info]: 2014-10-14 12:02:32.27--ServerSession(1360685958)--EclipseLink, version: Eclipse Persistence Services - 2.3.0.v20110604-r9504
[EL Info]: 2014-10-14 12:02:33.766--ServerSession(1360685958)--file:/Users/filipschollin/Documents/Linkoping/TDP024/TDP024/account-data-impl-db/build/classes/_account-dataPU login successful
[EL Warning]: 2014-10-14 12:02:34.1--ServerSession(1360685958)--Exception [EclipseLink-4002] (Eclipse Persistence Services - 2.3.0.v20110604-r9504): org.eclipse.persistence.exceptions.DatabaseException
Internal Exception: java.sql.SQLSyntaxErrorException: 'ALTER TABLE' cannot be performed on 'TRANSACTIONDB' because it does not exist.
Error Code: 30000
Call: ALTER TABLE TRANSACTIONDB DROP CONSTRAINT TRNSACTIONDBCCNTID
Query: DataModifyQuery(sql="ALTER TABLE TRANSACTIONDB DROP CONSTRAINT TRNSACTIONDBCCNTID")
[EL Warning]: 2014-10-14 12:02:34.105--ServerSession(1360685958)--Exception [EclipseLink-4002] (Eclipse Persistence Services - 2.3.0.v20110604-r9504): org.eclipse.persistence.exceptions.DatabaseException
Internal Exception: java.sql.SQLSyntaxErrorException: 'DROP TABLE' cannot be performed on 'ACCOUNTDB' because it does not exist.
Error Code: 30000
Call: DROP TABLE ACCOUNTDB
Query: DataModifyQuery(sql="DROP TABLE ACCOUNTDB")
[EL Warning]: 2014-10-14 12:02:34.173--ServerSession(1360685958)--Exception [EclipseLink-4002] (Eclipse Persistence Services - 2.3.0.v20110604-r9504): org.eclipse.persistence.exceptions.DatabaseException
Internal Exception: java.sql.SQLSyntaxErrorException: 'DROP TABLE' cannot be performed on 'TRANSACTIONDB' because it does not exist.
Error Code: 30000
Call: DROP TABLE TRANSACTIONDB
Query: DataModifyQuery(sql="DROP TABLE TRANSACTIONDB")
[EL Info]: 2014-10-14 12:02:35.736--ServerSession(1360685958)--file:/Users/filipschollin/Documents/Linkoping/TDP024/TDP024/account-data-impl-db/build/classes/_account-dataPU logout successful
[EL Info]: 2014-10-14 12:02:36.114--ServerSession(1930023637)--EclipseLink, version: Eclipse Persistence Services - 2.3.0.v20110604-r9504
[EL Info]: 2014-10-14 12:02:36.119--ServerSession(1930023637)--file:/Users/filipschollin/Documents/Linkoping/TDP024/TDP024/account-data-impl-db/build/classes/_account-dataPU login successful
[EL Warning]: 2014-10-14 12:02:36.288--ServerSession(1930023637)--Exception [EclipseLink-4002] (Eclipse Persistence Services - 2.3.0.v20110604-r9504): org.eclipse.persistence.exceptions.DatabaseException
Internal Exception: java.sql.SQLException: Table/View 'SEQUENCE' already exists in Schema 'APP'.
Error Code: 30000
Call: CREATE TABLE SEQUENCE (SEQ_NAME VARCHAR(50) NOT NULL, SEQ_COUNT DECIMAL(15), PRIMARY KEY (SEQ_NAME))
Query: DataModifyQuery(sql="CREATE TABLE SEQUENCE (SEQ_NAME VARCHAR(50) NOT NULL, SEQ_COUNT DECIMAL(15), PRIMARY KEY (SEQ_NAME))")
[EL Info]: 2014-10-14 12:02:36.941--ServerSession(1930023637)--file:/Users/filipschollin/Documents/Linkoping/TDP024/TDP024/account-data-impl-db/build/classes/_account-dataPU logout successful
[EL Info]: 2014-10-14 12:02:37.317--ServerSession(1315549226)--EclipseLink, version: Eclipse Persistence Services - 2.3.0.v20110604-r9504
[EL Info]: 2014-10-14 12:02:37.322--ServerSession(1315549226)--file:/Users/filipschollin/Documents/Linkoping/TDP024/TDP024/account-data-impl-db/build/classes/_account-dataPU login successful
[EL Warning]: 2014-10-14 12:02:37.428--ServerSession(1315549226)--Exception [EclipseLink-4002] (Eclipse Persistence Services - 2.3.0.v20110604-r9504): org.eclipse.persistence.exceptions.DatabaseException
Internal Exception: java.sql.SQLException: Table/View 'SEQUENCE' already exists in Schema 'APP'.
Error Code: 30000
Call: CREATE TABLE SEQUENCE (SEQ_NAME VARCHAR(50) NOT NULL, SEQ_COUNT DECIMAL(15), PRIMARY KEY (SEQ_NAME))
Query: DataModifyQuery(sql="CREATE TABLE SEQUENCE (SEQ_NAME VARCHAR(50) NOT NULL, SEQ_COUNT DECIMAL(15), PRIMARY KEY (SEQ_NAME))")
updateAmount, change: 700
updateAmount, change: -800
updateAmount, change: -300
updateAmount, change: -400
[EL Info]: 2014-10-14 12:02:37.594--ServerSession(1315549226)--file:/Users/filipschollin/Documents/Linkoping/TDP024/TDP024/account-data-impl-db/build/classes/_account-dataPU logout successful
[EL Info]: 2014-10-14 12:02:37.974--ServerSession(2017866858)--EclipseLink, version: Eclipse Persistence Services - 2.3.0.v20110604-r9504
[EL Info]: 2014-10-14 12:02:37.979--ServerSession(2017866858)--file:/Users/filipschollin/Documents/Linkoping/TDP024/TDP024/account-data-impl-db/build/classes/_account-dataPU login successful
[EL Warning]: 2014-10-14 12:02:38.079--ServerSession(2017866858)--Exception [EclipseLink-4002] (Eclipse Persistence Services - 2.3.0.v20110604-r9504): org.eclipse.persistence.exceptions.DatabaseException
Internal Exception: java.sql.SQLException: Table/View 'SEQUENCE' already exists in Schema 'APP'.
Error Code: 30000
Call: CREATE TABLE SEQUENCE (SEQ_NAME VARCHAR(50) NOT NULL, SEQ_COUNT DECIMAL(15), PRIMARY KEY (SEQ_NAME))
Query: DataModifyQuery(sql="CREATE TABLE SEQUENCE (SEQ_NAME VARCHAR(50) NOT NULL, SEQ_COUNT DECIMAL(15), PRIMARY KEY (SEQ_NAME))")
updateAmount, change: 700
updateAmount, change: 600
[EL Info]: 2014-10-14 12:02:38.178--ServerSession(2017866858)--file:/Users/filipschollin/Documents/Linkoping/TDP024/TDP024/account-data-impl-db/build/classes/_account-dataPU logout successful
[EL Info]: 2014-10-14 12:02:38.825--ServerSession(743375070)--EclipseLink, version: Eclipse Persistence Services - 2.3.0.v20110604-r9504
[EL Info]: 2014-10-14 12:02:38.832--ServerSession(743375070)--file:/Users/filipschollin/Documents/Linkoping/TDP024/TDP024/account-data-impl-db/build/classes/_account-dataPU login successful
[EL Warning]: 2014-10-14 12:02:38.934--ServerSession(743375070)--Exception [EclipseLink-4002] (Eclipse Persistence Services - 2.3.0.v20110604-r9504): org.eclipse.persistence.exceptions.DatabaseException
Internal Exception: java.sql.SQLException: Table/View 'SEQUENCE' already exists in Schema 'APP'.
Error Code: 30000
Call: CREATE TABLE SEQUENCE (SEQ_NAME VARCHAR(50) NOT NULL, SEQ_COUNT DECIMAL(15), PRIMARY KEY (SEQ_NAME))
Query: DataModifyQuery(sql="CREATE TABLE SEQUENCE (SEQ_NAME VARCHAR(50) NOT NULL, SEQ_COUNT DECIMAL(15), PRIMARY KEY (SEQ_NAME))")
updateAmount, change: 700
updateAmount, change: -800
updateAmount, change: -300
updateAmount, change: -400
[]
[EL Info]: 2014-10-14 12:02:39.089--ServerSession(743375070)--file:/Users/filipschollin/Documents/Linkoping/TDP024/TDP024/account-data-impl-db/build/classes/_account-dataPU logout successful
]]></system-out>
  <system-err><![CDATA[okt 14, 2014 12:02:36 EM se.liu.ida.tdp024.account.rest.service.AccountService find
SEVERE: null
java.lang.IllegalArgumentException
	at se.liu.ida.tdp024.account.logic.impl.facade.AccountLogicFacadeImpl.find(AccountLogicFacadeImpl.java:62)
	at se.liu.ida.tdp024.account.rest.service.AccountService.find(AccountService.java:46)
	at tdp024.account.rest.service.AccountServiceTest.testFind(AccountServiceTest.java:78)
	at sun.reflect.NativeMethodAccessorImpl.invoke0(Native Method)
	at sun.reflect.NativeMethodAccessorImpl.invoke(NativeMethodAccessorImpl.java:57)
	at sun.reflect.DelegatingMethodAccessorImpl.invoke(DelegatingMethodAccessorImpl.java:43)
	at java.lang.reflect.Method.invoke(Method.java:606)
	at org.junit.runners.model.FrameworkMethod$1.runReflectiveCall(FrameworkMethod.java:45)
	at org.junit.internal.runners.model.ReflectiveCallable.run(ReflectiveCallable.java:15)
	at org.junit.runners.model.FrameworkMethod.invokeExplosively(FrameworkMethod.java:42)
	at org.junit.internal.runners.statements.InvokeMethod.evaluate(InvokeMethod.java:20)
	at org.junit.internal.runners.statements.RunAfters.evaluate(RunAfters.java:30)
	at org.junit.runners.ParentRunner.runLeaf(ParentRunner.java:263)
	at org.junit.runners.BlockJUnit4ClassRunner.runChild(BlockJUnit4ClassRunner.java:68)
	at org.junit.runners.BlockJUnit4ClassRunner.runChild(BlockJUnit4ClassRunner.java:47)
	at org.junit.runners.ParentRunner$3.run(ParentRunner.java:231)
	at org.junit.runners.ParentRunner$1.schedule(ParentRunner.java:60)
	at org.junit.runners.ParentRunner.runChildren(ParentRunner.java:229)
	at org.junit.runners.ParentRunner.access$000(ParentRunner.java:50)
	at org.junit.runners.ParentRunner$2.evaluate(ParentRunner.java:222)
	at org.junit.runners.ParentRunner.run(ParentRunner.java:300)
	at junit.framework.JUnit4TestAdapter.run(JUnit4TestAdapter.java:39)
	at org.apache.tools.ant.taskdefs.optional.junit.JUnitTestRunner.run(JUnitTestRunner.java:532)
	at org.apache.tools.ant.taskdefs.optional.junit.JUnitTestRunner.launch(JUnitTestRunner.java:1179)
	at org.apache.tools.ant.taskdefs.optional.junit.JUnitTestRunner.main(JUnitTestRunner.java:1030)

java.lang.Exception: transaction failed
	at se.liu.ida.tdp024.account.data.impl.db.facade.AccountEntityFacadeDB.updateAmount(AccountEntityFacadeDB.java:159)
	at se.liu.ida.tdp024.account.logic.impl.facade.AccountLogicFacadeImpl.debit(AccountLogicFacadeImpl.java:69)
	at se.liu.ida.tdp024.account.rest.service.AccountService.debit(AccountService.java:60)
	at tdp024.account.rest.service.AccountServiceTest.testDedit(AccountServiceTest.java:102)
	at sun.reflect.NativeMethodAccessorImpl.invoke0(Native Method)
	at sun.reflect.NativeMethodAccessorImpl.invoke(NativeMethodAccessorImpl.java:57)
	at sun.reflect.DelegatingMethodAccessorImpl.invoke(DelegatingMethodAccessorImpl.java:43)
	at java.lang.reflect.Method.invoke(Method.java:606)
	at org.junit.runners.model.FrameworkMethod$1.runReflectiveCall(FrameworkMethod.java:45)
	at org.junit.internal.runners.model.ReflectiveCallable.run(ReflectiveCallable.java:15)
	at org.junit.runners.model.FrameworkMethod.invokeExplosively(FrameworkMethod.java:42)
	at org.junit.internal.runners.statements.InvokeMethod.evaluate(InvokeMethod.java:20)
	at org.junit.internal.runners.statements.RunAfters.evaluate(RunAfters.java:30)
	at org.junit.runners.ParentRunner.runLeaf(ParentRunner.java:263)
	at org.junit.runners.BlockJUnit4ClassRunner.runChild(BlockJUnit4ClassRunner.java:68)
	at org.junit.runners.BlockJUnit4ClassRunner.runChild(BlockJUnit4ClassRunner.java:47)
	at org.junit.runners.ParentRunner$3.run(ParentRunner.java:231)
	at org.junit.runners.ParentRunner$1.schedule(ParentRunner.java:60)
	at org.junit.runners.ParentRunner.runChildren(ParentRunner.java:229)
	at org.junit.runners.ParentRunner.access$000(ParentRunner.java:50)
	at org.junit.runners.ParentRunner$2.evaluate(ParentRunner.java:222)
	at org.junit.runners.ParentRunner.run(ParentRunner.java:300)
	at junit.framework.JUnit4TestAdapter.run(JUnit4TestAdapter.java:39)
	at org.apache.tools.ant.taskdefs.optional.junit.JUnitTestRunner.run(JUnitTestRunner.java:532)
	at org.apache.tools.ant.taskdefs.optional.junit.JUnitTestRunner.launch(JUnitTestRunner.java:1179)
	at org.apache.tools.ant.taskdefs.optional.junit.JUnitTestRunner.main(JUnitTestRunner.java:1030)
okt 14, 2014 12:02:37 EM se.liu.ida.tdp024.account.rest.service.AccountService debit
SEVERE: null
java.lang.IllegalStateException: Attempting to execute an operation on a closed EntityManager.
	at org.eclipse.persistence.internal.jpa.EntityManagerImpl.verifyOpen(EntityManagerImpl.java:1665)
	at org.eclipse.persistence.internal.jpa.EntityManagerImpl.close(EntityManagerImpl.java:1529)
	at se.liu.ida.tdp024.account.data.impl.db.facade.AccountEntityFacadeDB.updateAmount(AccountEntityFacadeDB.java:169)
	at se.liu.ida.tdp024.account.logic.impl.facade.AccountLogicFacadeImpl.debit(AccountLogicFacadeImpl.java:69)
	at se.liu.ida.tdp024.account.rest.service.AccountService.debit(AccountService.java:60)
	at tdp024.account.rest.service.AccountServiceTest.testDedit(AccountServiceTest.java:102)
	at sun.reflect.NativeMethodAccessorImpl.invoke0(Native Method)
	at sun.reflect.NativeMethodAccessorImpl.invoke(NativeMethodAccessorImpl.java:57)
	at sun.reflect.DelegatingMethodAccessorImpl.invoke(DelegatingMethodAccessorImpl.java:43)
	at java.lang.reflect.Method.invoke(Method.java:606)
	at org.junit.runners.model.FrameworkMethod$1.runReflectiveCall(FrameworkMethod.java:45)
	at org.junit.internal.runners.model.ReflectiveCallable.run(ReflectiveCallable.java:15)
	at org.junit.runners.model.FrameworkMethod.invokeExplosively(FrameworkMethod.java:42)
	at org.junit.internal.runners.statements.InvokeMethod.evaluate(InvokeMethod.java:20)
	at org.junit.internal.runners.statements.RunAfters.evaluate(RunAfters.java:30)
	at org.junit.runners.ParentRunner.runLeaf(ParentRunner.java:263)
	at org.junit.runners.BlockJUnit4ClassRunner.runChild(BlockJUnit4ClassRunner.java:68)
	at org.junit.runners.BlockJUnit4ClassRunner.runChild(BlockJUnit4ClassRunner.java:47)
	at org.junit.runners.ParentRunner$3.run(ParentRunner.java:231)
	at org.junit.runners.ParentRunner$1.schedule(ParentRunner.java:60)
	at org.junit.runners.ParentRunner.runChildren(ParentRunner.java:229)
	at org.junit.runners.ParentRunner.access$000(ParentRunner.java:50)
	at org.junit.runners.ParentRunner$2.evaluate(ParentRunner.java:222)
	at org.junit.runners.ParentRunner.run(ParentRunner.java:300)
	at junit.framework.JUnit4TestAdapter.run(JUnit4TestAdapter.java:39)
	at org.apache.tools.ant.taskdefs.optional.junit.JUnitTestRunner.run(JUnitTestRunner.java:532)
	at org.apache.tools.ant.taskdefs.optional.junit.JUnitTestRunner.launch(JUnitTestRunner.java:1179)
	at org.apache.tools.ant.taskdefs.optional.junit.JUnitTestRunner.main(JUnitTestRunner.java:1030)

java.lang.NullPointerException
	at se.liu.ida.tdp024.account.data.impl.db.facade.AccountEntityFacadeDB.updateAmount(AccountEntityFacadeDB.java:145)
	at se.liu.ida.tdp024.account.logic.impl.facade.AccountLogicFacadeImpl.credit(AccountLogicFacadeImpl.java:74)
	at se.liu.ida.tdp024.account.rest.service.AccountService.credit(AccountService.java:73)
	at tdp024.account.rest.service.AccountServiceTest.testCredit(AccountServiceTest.java:131)
	at sun.reflect.NativeMethodAccessorImpl.invoke0(Native Method)
	at sun.reflect.NativeMethodAccessorImpl.invoke(NativeMethodAccessorImpl.java:57)
	at sun.reflect.DelegatingMethodAccessorImpl.invoke(DelegatingMethodAccessorImpl.java:43)
	at java.lang.reflect.Method.invoke(Method.java:606)
	at org.junit.runners.model.FrameworkMethod$1.runReflectiveCall(FrameworkMethod.java:45)
	at org.junit.internal.runners.model.ReflectiveCallable.run(ReflectiveCallable.java:15)
	at org.junit.runners.model.FrameworkMethod.invokeExplosively(FrameworkMethod.java:42)
	at org.junit.internal.runners.statements.InvokeMethod.evaluate(InvokeMethod.java:20)
	at org.junit.internal.runners.statements.RunAfters.evaluate(RunAfters.java:30)
	at org.junit.runners.ParentRunner.runLeaf(ParentRunner.java:263)
	at org.junit.runners.BlockJUnit4ClassRunner.runChild(BlockJUnit4ClassRunner.java:68)
	at org.junit.runners.BlockJUnit4ClassRunner.runChild(BlockJUnit4ClassRunner.java:47)
	at org.junit.runners.ParentRunner$3.run(ParentRunner.java:231)
	at org.junit.runners.ParentRunner$1.schedule(ParentRunner.java:60)
	at org.junit.runners.ParentRunner.runChildren(ParentRunner.java:229)
	at org.junit.runners.ParentRunner.access$000(ParentRunner.java:50)
	at org.junit.runners.ParentRunner$2.evaluate(ParentRunner.java:222)
	at org.junit.runners.ParentRunner.run(ParentRunner.java:300)
	at junit.framework.JUnit4TestAdapter.run(JUnit4TestAdapter.java:39)
	at org.apache.tools.ant.taskdefs.optional.junit.JUnitTestRunner.run(JUnitTestRunner.java:532)
	at org.apache.tools.ant.taskdefs.optional.junit.JUnitTestRunner.launch(JUnitTestRunner.java:1179)
	at org.apache.tools.ant.taskdefs.optional.junit.JUnitTestRunner.main(JUnitTestRunner.java:1030)
java.lang.Exception: transaction failed
	at se.liu.ida.tdp024.account.data.impl.db.facade.AccountEntityFacadeDB.updateAmount(AccountEntityFacadeDB.java:159)
	at se.liu.ida.tdp024.account.logic.impl.facade.AccountLogicFacadeImpl.debit(AccountLogicFacadeImpl.java:69)
	at se.liu.ida.tdp024.account.rest.service.AccountService.debit(AccountService.java:60)
	at tdp024.account.rest.service.AccountServiceTest.testTransactions(AccountServiceTest.java:150)
	at sun.reflect.NativeMethodAccessorImpl.invoke0(Native Method)
	at sun.reflect.NativeMethodAccessorImpl.invoke(NativeMethodAccessorImpl.java:57)
	at sun.reflect.DelegatingMethodAccessorImpl.invoke(DelegatingMethodAccessorImpl.java:43)
	at java.lang.reflect.Method.invoke(Method.java:606)
	at org.junit.runners.model.FrameworkMethod$1.runReflectiveCall(FrameworkMethod.java:45)
	at org.junit.internal.runners.model.ReflectiveCallable.run(ReflectiveCallable.java:15)
	at org.junit.runners.model.FrameworkMethod.invokeExplosively(FrameworkMethod.java:42)
	at org.junit.internal.runners.statements.InvokeMethod.evaluate(InvokeMethod.java:20)
	at org.junit.internal.runners.statements.RunAfters.evaluate(RunAfters.java:30)
	at org.junit.runners.ParentRunner.runLeaf(ParentRunner.java:263)
	at org.junit.runners.BlockJUnit4ClassRunner.runChild(BlockJUnit4ClassRunner.java:68)
	at org.junit.runners.BlockJUnit4ClassRunner.runChild(BlockJUnit4ClassRunner.java:47)
	at org.junit.runners.ParentRunner$3.run(ParentRunner.java:231)
	at org.junit.runners.ParentRunner$1.schedule(ParentRunner.java:60)
	at org.junit.runners.ParentRunner.runChildren(ParentRunner.java:229)
	at org.junit.runners.ParentRunner.access$000(ParentRunner.java:50)
	at org.junit.runners.ParentRunner$2.evaluate(ParentRunner.java:222)
	at org.junit.runners.ParentRunner.run(ParentRunner.java:300)
	at junit.framework.JUnit4TestAdapter.run(JUnit4TestAdapter.java:39)
	at org.apache.tools.ant.taskdefs.optional.junit.JUnitTestRunner.run(JUnitTestRunner.java:532)
	at org.apache.tools.ant.taskdefs.optional.junit.JUnitTestRunner.launch(JUnitTestRunner.java:1179)
	at org.apache.tools.ant.taskdefs.optional.junit.JUnitTestRunner.main(JUnitTestRunner.java:1030)
okt 14, 2014 12:02:39 EM se.liu.ida.tdp024.account.rest.service.AccountService debit
SEVERE: null
java.lang.IllegalStateException: Attempting to execute an operation on a closed EntityManager.
	at org.eclipse.persistence.internal.jpa.EntityManagerImpl.verifyOpen(EntityManagerImpl.java:1665)
	at org.eclipse.persistence.internal.jpa.EntityManagerImpl.close(EntityManagerImpl.java:1529)
	at se.liu.ida.tdp024.account.data.impl.db.facade.AccountEntityFacadeDB.updateAmount(AccountEntityFacadeDB.java:169)
	at se.liu.ida.tdp024.account.logic.impl.facade.AccountLogicFacadeImpl.debit(AccountLogicFacadeImpl.java:69)
	at se.liu.ida.tdp024.account.rest.service.AccountService.debit(AccountService.java:60)
	at tdp024.account.rest.service.AccountServiceTest.testTransactions(AccountServiceTest.java:150)
	at sun.reflect.NativeMethodAccessorImpl.invoke0(Native Method)
	at sun.reflect.NativeMethodAccessorImpl.invoke(NativeMethodAccessorImpl.java:57)
	at sun.reflect.DelegatingMethodAccessorImpl.invoke(DelegatingMethodAccessorImpl.java:43)
	at java.lang.reflect.Method.invoke(Method.java:606)
	at org.junit.runners.model.FrameworkMethod$1.runReflectiveCall(FrameworkMethod.java:45)
	at org.junit.internal.runners.model.ReflectiveCallable.run(ReflectiveCallable.java:15)
	at org.junit.runners.model.FrameworkMethod.invokeExplosively(FrameworkMethod.java:42)
	at org.junit.internal.runners.statements.InvokeMethod.evaluate(InvokeMethod.java:20)
	at org.junit.internal.runners.statements.RunAfters.evaluate(RunAfters.java:30)
	at org.junit.runners.ParentRunner.runLeaf(ParentRunner.java:263)
	at org.junit.runners.BlockJUnit4ClassRunner.runChild(BlockJUnit4ClassRunner.java:68)
	at org.junit.runners.BlockJUnit4ClassRunner.runChild(BlockJUnit4ClassRunner.java:47)
	at org.junit.runners.ParentRunner$3.run(ParentRunner.java:231)
	at org.junit.runners.ParentRunner$1.schedule(ParentRunner.java:60)
	at org.junit.runners.ParentRunner.runChildren(ParentRunner.java:229)
	at org.junit.runners.ParentRunner.access$000(ParentRunner.java:50)
	at org.junit.runners.ParentRunner$2.evaluate(ParentRunner.java:222)
	at org.junit.runners.ParentRunner.run(ParentRunner.java:300)
	at junit.framework.JUnit4TestAdapter.run(JUnit4TestAdapter.java:39)
	at org.apache.tools.ant.taskdefs.optional.junit.JUnitTestRunner.run(JUnitTestRunner.java:532)
	at org.apache.tools.ant.taskdefs.optional.junit.JUnitTestRunner.launch(JUnitTestRunner.java:1179)
	at org.apache.tools.ant.taskdefs.optional.junit.JUnitTestRunner.main(JUnitTestRunner.java:1030)

okt 14, 2014 12:02:39 EM se.liu.ida.tdp024.account.rest.service.AccountService transactions
SEVERE: null
java.lang.NullPointerException
	at se.liu.ida.tdp024.account.logic.impl.facade.AccountLogicFacadeImpl.transactions(AccountLogicFacadeImpl.java:79)
	at se.liu.ida.tdp024.account.rest.service.AccountService.transactions(AccountService.java:86)
	at tdp024.account.rest.service.AccountServiceTest.testTransactions(AccountServiceTest.java:173)
	at sun.reflect.NativeMethodAccessorImpl.invoke0(Native Method)
	at sun.reflect.NativeMethodAccessorImpl.invoke(NativeMethodAccessorImpl.java:57)
	at sun.reflect.DelegatingMethodAccessorImpl.invoke(DelegatingMethodAccessorImpl.java:43)
	at java.lang.reflect.Method.invoke(Method.java:606)
	at org.junit.runners.model.FrameworkMethod$1.runReflectiveCall(FrameworkMethod.java:45)
	at org.junit.internal.runners.model.ReflectiveCallable.run(ReflectiveCallable.java:15)
	at org.junit.runners.model.FrameworkMethod.invokeExplosively(FrameworkMethod.java:42)
	at org.junit.internal.runners.statements.InvokeMethod.evaluate(InvokeMethod.java:20)
	at org.junit.internal.runners.statements.RunAfters.evaluate(RunAfters.java:30)
	at org.junit.runners.ParentRunner.runLeaf(ParentRunner.java:263)
	at org.junit.runners.BlockJUnit4ClassRunner.runChild(BlockJUnit4ClassRunner.java:68)
	at org.junit.runners.BlockJUnit4ClassRunner.runChild(BlockJUnit4ClassRunner.java:47)
	at org.junit.runners.ParentRunner$3.run(ParentRunner.java:231)
	at org.junit.runners.ParentRunner$1.schedule(ParentRunner.java:60)
	at org.junit.runners.ParentRunner.runChildren(ParentRunner.java:229)
	at org.junit.runners.ParentRunner.access$000(ParentRunner.java:50)
	at org.junit.runners.ParentRunner$2.evaluate(ParentRunner.java:222)
	at org.junit.runners.ParentRunner.run(ParentRunner.java:300)
	at junit.framework.JUnit4TestAdapter.run(JUnit4TestAdapter.java:39)
	at org.apache.tools.ant.taskdefs.optional.junit.JUnitTestRunner.run(JUnitTestRunner.java:532)
	at org.apache.tools.ant.taskdefs.optional.junit.JUnitTestRunner.launch(JUnitTestRunner.java:1179)
	at org.apache.tools.ant.taskdefs.optional.junit.JUnitTestRunner.main(JUnitTestRunner.java:1030)

]]></system-err>
</testsuite>
