<?xml version="1.0" encoding="UTF-8" ?>
<testsuite errors="0" failures="0" hostname="FabiansHP" name="se.liu.ida.tdp024.account.data.test.facade.AccountEntityFacadeTest" skipped="0" tests="8" time="6.397" timestamp="2014-10-14T10:27:55">
  <properties>
[...]
</properties>
  <testcase classname="se.liu.ida.tdp024.account.data.test.facade.AccountEntityFacadeTest" name="testCreate" time="4.592" />
  <testcase classname="se.liu.ida.tdp024.account.data.test.facade.AccountEntityFacadeTest" name="removeTest" time="0.283" />
  <testcase classname="se.liu.ida.tdp024.account.data.test.facade.AccountEntityFacadeTest" name="findTest" time="0.192" />
  <testcase classname="se.liu.ida.tdp024.account.data.test.facade.AccountEntityFacadeTest" name="findFailTest" time="0.174" />
  <testcase classname="se.liu.ida.tdp024.account.data.test.facade.AccountEntityFacadeTest" name="findAllTest" time="0.242" />
  <testcase classname="se.liu.ida.tdp024.account.data.test.facade.AccountEntityFacadeTest" name="findAllTestKeyFail" time="0.173" />
  <testcase classname="se.liu.ida.tdp024.account.data.test.facade.AccountEntityFacadeTest" name="updateAmountTest" time="0.351" />
  <testcase classname="se.liu.ida.tdp024.account.data.test.facade.AccountEntityFacadeTest" name="findAllTestKey" time="0.25" />
  <system-out><![CDATA[[EL Info]: 2014-10-14 12:27:57.33--ServerSession(12217579)--EclipseLink, version: Eclipse Persistence Services - 2.3.0.v20110604-r9504
[EL Info]: 2014-10-14 12:27:58.982--ServerSession(12217579)--file:/C:/Users/Fabian/Development/TDP024/account-data-impl-db/build/classes/_account-dataPU login successful
[EL Warning]: 2014-10-14 12:27:59.345--ServerSession(12217579)--Exception [EclipseLink-4002] (Eclipse Persistence Services - 2.3.0.v20110604-r9504): org.eclipse.persistence.exceptions.DatabaseException
Internal Exception: java.sql.SQLSyntaxErrorException: 'ALTER TABLE' cannot be performed on 'TRANSACTIONDB' because it does not exist.
Error Code: 30000
Call: ALTER TABLE TRANSACTIONDB DROP CONSTRAINT TRNSACTIONDBCCNTID
Query: DataModifyQuery(sql="ALTER TABLE TRANSACTIONDB DROP CONSTRAINT TRNSACTIONDBCCNTID")
[EL Warning]: 2014-10-14 12:27:59.352--ServerSession(12217579)--Exception [EclipseLink-4002] (Eclipse Persistence Services - 2.3.0.v20110604-r9504): org.eclipse.persistence.exceptions.DatabaseException
Internal Exception: java.sql.SQLSyntaxErrorException: 'DROP TABLE' cannot be performed on 'ACCOUNTDB' because it does not exist.
Error Code: 30000
Call: DROP TABLE ACCOUNTDB
Query: DataModifyQuery(sql="DROP TABLE ACCOUNTDB")
[EL Warning]: 2014-10-14 12:27:59.435--ServerSession(12217579)--Exception [EclipseLink-4002] (Eclipse Persistence Services - 2.3.0.v20110604-r9504): org.eclipse.persistence.exceptions.DatabaseException
Internal Exception: java.sql.SQLSyntaxErrorException: 'DROP TABLE' cannot be performed on 'TRANSACTIONDB' because it does not exist.
Error Code: 30000
Call: DROP TABLE TRANSACTIONDB
Query: DataModifyQuery(sql="DROP TABLE TRANSACTIONDB")
1
[EL Info]: 2014-10-14 12:27:59.911--ServerSession(12217579)--file:/C:/Users/Fabian/Development/TDP024/account-data-impl-db/build/classes/_account-dataPU logout successful
[EL Info]: 2014-10-14 12:27:59.953--ServerSession(1881337823)--EclipseLink, version: Eclipse Persistence Services - 2.3.0.v20110604-r9504
[EL Info]: 2014-10-14 12:27:59.958--ServerSession(1881337823)--file:/C:/Users/Fabian/Development/TDP024/account-data-impl-db/build/classes/_account-dataPU login successful
[EL Warning]: 2014-10-14 12:28:00.112--ServerSession(1881337823)--Exception [EclipseLink-4002] (Eclipse Persistence Services - 2.3.0.v20110604-r9504): org.eclipse.persistence.exceptions.DatabaseException
Internal Exception: java.sql.SQLException: Table/View 'SEQUENCE' already exists in Schema 'APP'.
Error Code: 30000
Call: CREATE TABLE SEQUENCE (SEQ_NAME VARCHAR(50) NOT NULL, SEQ_COUNT DECIMAL(15), PRIMARY KEY (SEQ_NAME))
Query: DataModifyQuery(sql="CREATE TABLE SEQUENCE (SEQ_NAME VARCHAR(50) NOT NULL, SEQ_COUNT DECIMAL(15), PRIMARY KEY (SEQ_NAME))")
[EL Info]: 2014-10-14 12:28:00.198--ServerSession(1881337823)--file:/C:/Users/Fabian/Development/TDP024/account-data-impl-db/build/classes/_account-dataPU logout successful
[EL Info]: 2014-10-14 12:28:00.235--ServerSession(1648518402)--EclipseLink, version: Eclipse Persistence Services - 2.3.0.v20110604-r9504
[EL Info]: 2014-10-14 12:28:00.24--ServerSession(1648518402)--file:/C:/Users/Fabian/Development/TDP024/account-data-impl-db/build/classes/_account-dataPU login successful
[EL Warning]: 2014-10-14 12:28:00.361--ServerSession(1648518402)--Exception [EclipseLink-4002] (Eclipse Persistence Services - 2.3.0.v20110604-r9504): org.eclipse.persistence.exceptions.DatabaseException
Internal Exception: java.sql.SQLException: Table/View 'SEQUENCE' already exists in Schema 'APP'.
Error Code: 30000
Call: CREATE TABLE SEQUENCE (SEQ_NAME VARCHAR(50) NOT NULL, SEQ_COUNT DECIMAL(15), PRIMARY KEY (SEQ_NAME))
Query: DataModifyQuery(sql="CREATE TABLE SEQUENCE (SEQ_NAME VARCHAR(50) NOT NULL, SEQ_COUNT DECIMAL(15), PRIMARY KEY (SEQ_NAME))")
[EL Info]: 2014-10-14 12:28:00.391--ServerSession(1648518402)--file:/C:/Users/Fabian/Development/TDP024/account-data-impl-db/build/classes/_account-dataPU logout successful
[EL Info]: 2014-10-14 12:28:00.424--ServerSession(1742166011)--EclipseLink, version: Eclipse Persistence Services - 2.3.0.v20110604-r9504
[EL Info]: 2014-10-14 12:28:00.428--ServerSession(1742166011)--file:/C:/Users/Fabian/Development/TDP024/account-data-impl-db/build/classes/_account-dataPU login successful
[EL Warning]: 2014-10-14 12:28:00.54--ServerSession(1742166011)--Exception [EclipseLink-4002] (Eclipse Persistence Services - 2.3.0.v20110604-r9504): org.eclipse.persistence.exceptions.DatabaseException
Internal Exception: java.sql.SQLException: Table/View 'SEQUENCE' already exists in Schema 'APP'.
Error Code: 30000
Call: CREATE TABLE SEQUENCE (SEQ_NAME VARCHAR(50) NOT NULL, SEQ_COUNT DECIMAL(15), PRIMARY KEY (SEQ_NAME))
Query: DataModifyQuery(sql="CREATE TABLE SEQUENCE (SEQ_NAME VARCHAR(50) NOT NULL, SEQ_COUNT DECIMAL(15), PRIMARY KEY (SEQ_NAME))")
[EL Info]: 2014-10-14 12:28:00.565--ServerSession(1742166011)--file:/C:/Users/Fabian/Development/TDP024/account-data-impl-db/build/classes/_account-dataPU logout successful
[EL Info]: 2014-10-14 12:28:00.606--ServerSession(278310028)--EclipseLink, version: Eclipse Persistence Services - 2.3.0.v20110604-r9504
[EL Info]: 2014-10-14 12:28:00.611--ServerSession(278310028)--file:/C:/Users/Fabian/Development/TDP024/account-data-impl-db/build/classes/_account-dataPU login successful
[EL Warning]: 2014-10-14 12:28:00.716--ServerSession(278310028)--Exception [EclipseLink-4002] (Eclipse Persistence Services - 2.3.0.v20110604-r9504): org.eclipse.persistence.exceptions.DatabaseException
Internal Exception: java.sql.SQLException: Table/View 'SEQUENCE' already exists in Schema 'APP'.
Error Code: 30000
Call: CREATE TABLE SEQUENCE (SEQ_NAME VARCHAR(50) NOT NULL, SEQ_COUNT DECIMAL(15), PRIMARY KEY (SEQ_NAME))
Query: DataModifyQuery(sql="CREATE TABLE SEQUENCE (SEQ_NAME VARCHAR(50) NOT NULL, SEQ_COUNT DECIMAL(15), PRIMARY KEY (SEQ_NAME))")
[EL Info]: 2014-10-14 12:28:00.809--ServerSession(278310028)--file:/C:/Users/Fabian/Development/TDP024/account-data-impl-db/build/classes/_account-dataPU logout successful
[EL Info]: 2014-10-14 12:28:00.841--ServerSession(833255933)--EclipseLink, version: Eclipse Persistence Services - 2.3.0.v20110604-r9504
[EL Info]: 2014-10-14 12:28:00.846--ServerSession(833255933)--file:/C:/Users/Fabian/Development/TDP024/account-data-impl-db/build/classes/_account-dataPU login successful
[EL Warning]: 2014-10-14 12:28:00.945--ServerSession(833255933)--Exception [EclipseLink-4002] (Eclipse Persistence Services - 2.3.0.v20110604-r9504): org.eclipse.persistence.exceptions.DatabaseException
Internal Exception: java.sql.SQLException: Table/View 'SEQUENCE' already exists in Schema 'APP'.
Error Code: 30000
Call: CREATE TABLE SEQUENCE (SEQ_NAME VARCHAR(50) NOT NULL, SEQ_COUNT DECIMAL(15), PRIMARY KEY (SEQ_NAME))
Query: DataModifyQuery(sql="CREATE TABLE SEQUENCE (SEQ_NAME VARCHAR(50) NOT NULL, SEQ_COUNT DECIMAL(15), PRIMARY KEY (SEQ_NAME))")
[EL Info]: 2014-10-14 12:28:00.983--ServerSession(833255933)--file:/C:/Users/Fabian/Development/TDP024/account-data-impl-db/build/classes/_account-dataPU logout successful
[EL Info]: 2014-10-14 12:28:01.022--ServerSession(581753265)--EclipseLink, version: Eclipse Persistence Services - 2.3.0.v20110604-r9504
[EL Info]: 2014-10-14 12:28:01.026--ServerSession(581753265)--file:/C:/Users/Fabian/Development/TDP024/account-data-impl-db/build/classes/_account-dataPU login successful
[EL Warning]: 2014-10-14 12:28:01.152--ServerSession(581753265)--Exception [EclipseLink-4002] (Eclipse Persistence Services - 2.3.0.v20110604-r9504): org.eclipse.persistence.exceptions.DatabaseException
Internal Exception: java.sql.SQLException: Table/View 'SEQUENCE' already exists in Schema 'APP'.
Error Code: 30000
Call: CREATE TABLE SEQUENCE (SEQ_NAME VARCHAR(50) NOT NULL, SEQ_COUNT DECIMAL(15), PRIMARY KEY (SEQ_NAME))
Query: DataModifyQuery(sql="CREATE TABLE SEQUENCE (SEQ_NAME VARCHAR(50) NOT NULL, SEQ_COUNT DECIMAL(15), PRIMARY KEY (SEQ_NAME))")
updateAmount, change: 30
updateAmount, change: -30
updateAmount, change: -1
updateAmount, change: 30
[EL Info]: 2014-10-14 12:28:01.334--ServerSession(581753265)--file:/C:/Users/Fabian/Development/TDP024/account-data-impl-db/build/classes/_account-dataPU logout successful
[EL Info]: 2014-10-14 12:28:01.386--ServerSession(854631101)--EclipseLink, version: Eclipse Persistence Services - 2.3.0.v20110604-r9504
[EL Info]: 2014-10-14 12:28:01.392--ServerSession(854631101)--file:/C:/Users/Fabian/Development/TDP024/account-data-impl-db/build/classes/_account-dataPU login successful
[EL Warning]: 2014-10-14 12:28:01.531--ServerSession(854631101)--Exception [EclipseLink-4002] (Eclipse Persistence Services - 2.3.0.v20110604-r9504): org.eclipse.persistence.exceptions.DatabaseException
Internal Exception: java.sql.SQLException: Table/View 'SEQUENCE' already exists in Schema 'APP'.
Error Code: 30000
Call: CREATE TABLE SEQUENCE (SEQ_NAME VARCHAR(50) NOT NULL, SEQ_COUNT DECIMAL(15), PRIMARY KEY (SEQ_NAME))
Query: DataModifyQuery(sql="CREATE TABLE SEQUENCE (SEQ_NAME VARCHAR(50) NOT NULL, SEQ_COUNT DECIMAL(15), PRIMARY KEY (SEQ_NAME))")
[EL Info]: 2014-10-14 12:28:01.585--ServerSession(854631101)--file:/C:/Users/Fabian/Development/TDP024/account-data-impl-db/build/classes/_account-dataPU logout successful
]]></system-out>
  <system-err><![CDATA[java.lang.IllegalArgumentException: Object: null is not a known entity type.
	at org.eclipse.persistence.internal.jpa.EntityManagerImpl.remove(EntityManagerImpl.java:504)
	at se.liu.ida.tdp024.account.data.impl.db.facade.AccountEntityFacadeDB.remove(AccountEntityFacadeDB.java:205)
	at se.liu.ida.tdp024.account.data.test.facade.AccountEntityFacadeTest.removeTest(AccountEntityFacadeTest.java:131)
	at sun.reflect.NativeMethodAccessorImpl.invoke0(Native Method)
	at sun.reflect.NativeMethodAccessorImpl.invoke(NativeMethodAccessorImpl.java:57)
	at sun.reflect.DelegatingMethodAccessorImpl.invoke(DelegatingMethodAccessorImpl.java:43)
	at java.lang.reflect.Method.invoke(Method.java:606)
	at org.junit.runners.model.FrameworkMethod$1.runReflectiveCall(FrameworkMethod.java:45)
	at org.junit.internal.runners.model.ReflectiveCallable.run(ReflectiveCallable.java:15)
	at org.junit.runners.model.FrameworkMethod.invokeExplosively(FrameworkMethod.java:42)
	at org.junit.internal.runners.statements.InvokeMethod.evaluate(InvokeMethod.java:20)
	at org.junit.internal.runners.statements.RunAfters.evaluate(RunAfters.java:30)
	at org.junit.runners.ParentRunner.runLeaf(ParentRunner.java:263)
	at org.junit.runners.BlockJUnit4ClassRunner.runChild(BlockJUnit4ClassRunner.java:68)
	at org.junit.runners.BlockJUnit4ClassRunner.runChild(BlockJUnit4ClassRunner.java:47)
	at org.junit.runners.ParentRunner$3.run(ParentRunner.java:231)
	at org.junit.runners.ParentRunner$1.schedule(ParentRunner.java:60)
	at org.junit.runners.ParentRunner.runChildren(ParentRunner.java:229)
	at org.junit.runners.ParentRunner.access$000(ParentRunner.java:50)
	at org.junit.runners.ParentRunner$2.evaluate(ParentRunner.java:222)
	at org.junit.runners.ParentRunner.run(ParentRunner.java:300)
	at junit.framework.JUnit4TestAdapter.run(JUnit4TestAdapter.java:39)
	at org.apache.tools.ant.taskdefs.optional.junit.JUnitTestRunner.run(JUnitTestRunner.java:523)
	at org.apache.tools.ant.taskdefs.optional.junit.JUnitTestRunner.launch(JUnitTestRunner.java:1063)
	at org.apache.tools.ant.taskdefs.optional.junit.JUnitTestRunner.main(JUnitTestRunner.java:914)
java.lang.Exception: transaction failed
	at se.liu.ida.tdp024.account.data.impl.db.facade.AccountEntityFacadeDB.updateAmount(AccountEntityFacadeDB.java:159)
	at se.liu.ida.tdp024.account.data.test.facade.AccountEntityFacadeTest.updateAmountTest(AccountEntityFacadeTest.java:113)
	at sun.reflect.NativeMethodAccessorImpl.invoke0(Native Method)
	at sun.reflect.NativeMethodAccessorImpl.invoke(NativeMethodAccessorImpl.java:57)
	at sun.reflect.DelegatingMethodAccessorImpl.invoke(DelegatingMethodAccessorImpl.java:43)
	at java.lang.reflect.Method.invoke(Method.java:606)
	at org.junit.runners.model.FrameworkMethod$1.runReflectiveCall(FrameworkMethod.java:45)
	at org.junit.internal.runners.model.ReflectiveCallable.run(ReflectiveCallable.java:15)
	at org.junit.runners.model.FrameworkMethod.invokeExplosively(FrameworkMethod.java:42)
	at org.junit.internal.runners.statements.InvokeMethod.evaluate(InvokeMethod.java:20)
	at org.junit.internal.runners.statements.RunAfters.evaluate(RunAfters.java:30)
	at org.junit.runners.ParentRunner.runLeaf(ParentRunner.java:263)
	at org.junit.runners.BlockJUnit4ClassRunner.runChild(BlockJUnit4ClassRunner.java:68)
	at org.junit.runners.BlockJUnit4ClassRunner.runChild(BlockJUnit4ClassRunner.java:47)
	at org.junit.runners.ParentRunner$3.run(ParentRunner.java:231)
	at org.junit.runners.ParentRunner$1.schedule(ParentRunner.java:60)
	at org.junit.runners.ParentRunner.runChildren(ParentRunner.java:229)
	at org.junit.runners.ParentRunner.access$000(ParentRunner.java:50)
	at org.junit.runners.ParentRunner$2.evaluate(ParentRunner.java:222)
	at org.junit.runners.ParentRunner.run(ParentRunner.java:300)
	at junit.framework.JUnit4TestAdapter.run(JUnit4TestAdapter.java:39)
	at org.apache.tools.ant.taskdefs.optional.junit.JUnitTestRunner.run(JUnitTestRunner.java:523)
	at org.apache.tools.ant.taskdefs.optional.junit.JUnitTestRunner.launch(JUnitTestRunner.java:1063)
	at org.apache.tools.ant.taskdefs.optional.junit.JUnitTestRunner.main(JUnitTestRunner.java:914)
java.lang.NullPointerException
	at se.liu.ida.tdp024.account.data.impl.db.facade.AccountEntityFacadeDB.updateAmount(AccountEntityFacadeDB.java:145)
	at se.liu.ida.tdp024.account.data.test.facade.AccountEntityFacadeTest.updateAmountTest(AccountEntityFacadeTest.java:119)
	at sun.reflect.NativeMethodAccessorImpl.invoke0(Native Method)
	at sun.reflect.NativeMethodAccessorImpl.invoke(NativeMethodAccessorImpl.java:57)
	at sun.reflect.DelegatingMethodAccessorImpl.invoke(DelegatingMethodAccessorImpl.java:43)
	at java.lang.reflect.Method.invoke(Method.java:606)
	at org.junit.runners.model.FrameworkMethod$1.runReflectiveCall(FrameworkMethod.java:45)
	at org.junit.internal.runners.model.ReflectiveCallable.run(ReflectiveCallable.java:15)
	at org.junit.runners.model.FrameworkMethod.invokeExplosively(FrameworkMethod.java:42)
	at org.junit.internal.runners.statements.InvokeMethod.evaluate(InvokeMethod.java:20)
	at org.junit.internal.runners.statements.RunAfters.evaluate(RunAfters.java:30)
	at org.junit.runners.ParentRunner.runLeaf(ParentRunner.java:263)
	at org.junit.runners.BlockJUnit4ClassRunner.runChild(BlockJUnit4ClassRunner.java:68)
	at org.junit.runners.BlockJUnit4ClassRunner.runChild(BlockJUnit4ClassRunner.java:47)
	at org.junit.runners.ParentRunner$3.run(ParentRunner.java:231)
	at org.junit.runners.ParentRunner$1.schedule(ParentRunner.java:60)
	at org.junit.runners.ParentRunner.runChildren(ParentRunner.java:229)
	at org.junit.runners.ParentRunner.access$000(ParentRunner.java:50)
	at org.junit.runners.ParentRunner$2.evaluate(ParentRunner.java:222)
	at org.junit.runners.ParentRunner.run(ParentRunner.java:300)
	at junit.framework.JUnit4TestAdapter.run(JUnit4TestAdapter.java:39)
	at org.apache.tools.ant.taskdefs.optional.junit.JUnitTestRunner.run(JUnitTestRunner.java:523)
	at org.apache.tools.ant.taskdefs.optional.junit.JUnitTestRunner.launch(JUnitTestRunner.java:1063)
	at org.apache.tools.ant.taskdefs.optional.junit.JUnitTestRunner.main(JUnitTestRunner.java:914)
]]></system-err>
</testsuite>
