<?xml version="1.0" encoding="UTF-8" ?>
<testsuite errors="0" failures="0" hostname="c-207-134.eduroam.liu.se" name="se.liu.ida.tdp024.account.data.test.facade.AccountEntityFacadeTest" tests="5" time="11.005" timestamp="2014-10-13T17:24:05">
  <properties>
[...]
</properties>
  <testcase classname="se.liu.ida.tdp024.account.data.test.facade.AccountEntityFacadeTest" name="testCreate" time="9.236" />
  <testcase classname="se.liu.ida.tdp024.account.data.test.facade.AccountEntityFacadeTest" name="findTest" time="0.235" />
  <testcase classname="se.liu.ida.tdp024.account.data.test.facade.AccountEntityFacadeTest" name="findAllTest" time="0.317" />
  <testcase classname="se.liu.ida.tdp024.account.data.test.facade.AccountEntityFacadeTest" name="findAllTestKey" time="0.138" />
  <testcase classname="se.liu.ida.tdp024.account.data.test.facade.AccountEntityFacadeTest" name="updateAmount" time="0.262" />
  <system-out><![CDATA[[EL Info]: 2014-10-13 19:24:11.727--ServerSession(1905091715)--EclipseLink, version: Eclipse Persistence Services - 2.3.0.v20110604-r9504
[EL Info]: 2014-10-13 19:24:15.236--ServerSession(1905091715)--file:/Users/filipschollin/Documents/Linkoping/TDP024/TDP024/account-data-impl-db/dist/account-data-impl-db.jar_account-dataPU login successful
[EL Warning]: 2014-10-13 19:24:15.507--ServerSession(1905091715)--Exception [EclipseLink-4002] (Eclipse Persistence Services - 2.3.0.v20110604-r9504): org.eclipse.persistence.exceptions.DatabaseException
Internal Exception: java.sql.SQLSyntaxErrorException: 'ALTER TABLE' cannot be performed on 'TRANSACTIONDB' because it does not exist.
Error Code: 30000
Call: ALTER TABLE TRANSACTIONDB DROP CONSTRAINT TRNSACTIONDBCCNTID
Query: DataModifyQuery(sql="ALTER TABLE TRANSACTIONDB DROP CONSTRAINT TRNSACTIONDBCCNTID")
[EL Warning]: 2014-10-13 19:24:15.513--ServerSession(1905091715)--Exception [EclipseLink-4002] (Eclipse Persistence Services - 2.3.0.v20110604-r9504): org.eclipse.persistence.exceptions.DatabaseException
Internal Exception: java.sql.SQLSyntaxErrorException: 'DROP TABLE' cannot be performed on 'ACCOUNTDB' because it does not exist.
Error Code: 30000
Call: DROP TABLE ACCOUNTDB
Query: DataModifyQuery(sql="DROP TABLE ACCOUNTDB")
[EL Warning]: 2014-10-13 19:24:15.568--ServerSession(1905091715)--Exception [EclipseLink-4002] (Eclipse Persistence Services - 2.3.0.v20110604-r9504): org.eclipse.persistence.exceptions.DatabaseException
Internal Exception: java.sql.SQLSyntaxErrorException: 'DROP TABLE' cannot be performed on 'TRANSACTIONDB' because it does not exist.
Error Code: 30000
Call: DROP TABLE TRANSACTIONDB
Query: DataModifyQuery(sql="DROP TABLE TRANSACTIONDB")
1
[EL Info]: 2014-10-13 19:24:15.888--ServerSession(1905091715)--file:/Users/filipschollin/Documents/Linkoping/TDP024/TDP024/account-data-impl-db/dist/account-data-impl-db.jar_account-dataPU logout successful
[EL Info]: 2014-10-13 19:24:15.907--ServerSession(585805616)--EclipseLink, version: Eclipse Persistence Services - 2.3.0.v20110604-r9504
[EL Info]: 2014-10-13 19:24:15.914--ServerSession(585805616)--file:/Users/filipschollin/Documents/Linkoping/TDP024/TDP024/account-data-impl-db/dist/account-data-impl-db.jar_account-dataPU login successful
[EL Warning]: 2014-10-13 19:24:16.077--ServerSession(585805616)--Exception [EclipseLink-4002] (Eclipse Persistence Services - 2.3.0.v20110604-r9504): org.eclipse.persistence.exceptions.DatabaseException
Internal Exception: java.sql.SQLException: Table/View 'SEQUENCE' already exists in Schema 'APP'.
Error Code: 30000
Call: CREATE TABLE SEQUENCE (SEQ_NAME VARCHAR(50) NOT NULL, SEQ_COUNT DECIMAL(15), PRIMARY KEY (SEQ_NAME))
Query: DataModifyQuery(sql="CREATE TABLE SEQUENCE (SEQ_NAME VARCHAR(50) NOT NULL, SEQ_COUNT DECIMAL(15), PRIMARY KEY (SEQ_NAME))")
[EL Info]: 2014-10-13 19:24:16.124--ServerSession(585805616)--file:/Users/filipschollin/Documents/Linkoping/TDP024/TDP024/account-data-impl-db/dist/account-data-impl-db.jar_account-dataPU logout successful
[EL Info]: 2014-10-13 19:24:16.14--ServerSession(186837340)--EclipseLink, version: Eclipse Persistence Services - 2.3.0.v20110604-r9504
[EL Info]: 2014-10-13 19:24:16.146--ServerSession(186837340)--file:/Users/filipschollin/Documents/Linkoping/TDP024/TDP024/account-data-impl-db/dist/account-data-impl-db.jar_account-dataPU login successful
[EL Warning]: 2014-10-13 19:24:16.255--ServerSession(186837340)--Exception [EclipseLink-4002] (Eclipse Persistence Services - 2.3.0.v20110604-r9504): org.eclipse.persistence.exceptions.DatabaseException
Internal Exception: java.sql.SQLException: Table/View 'SEQUENCE' already exists in Schema 'APP'.
Error Code: 30000
Call: CREATE TABLE SEQUENCE (SEQ_NAME VARCHAR(50) NOT NULL, SEQ_COUNT DECIMAL(15), PRIMARY KEY (SEQ_NAME))
Query: DataModifyQuery(sql="CREATE TABLE SEQUENCE (SEQ_NAME VARCHAR(50) NOT NULL, SEQ_COUNT DECIMAL(15), PRIMARY KEY (SEQ_NAME))")
[EL Info]: 2014-10-13 19:24:16.442--ServerSession(186837340)--file:/Users/filipschollin/Documents/Linkoping/TDP024/TDP024/account-data-impl-db/dist/account-data-impl-db.jar_account-dataPU logout successful
[EL Info]: 2014-10-13 19:24:16.452--ServerSession(65263936)--EclipseLink, version: Eclipse Persistence Services - 2.3.0.v20110604-r9504
[EL Info]: 2014-10-13 19:24:16.457--ServerSession(65263936)--file:/Users/filipschollin/Documents/Linkoping/TDP024/TDP024/account-data-impl-db/dist/account-data-impl-db.jar_account-dataPU login successful
[EL Warning]: 2014-10-13 19:24:16.545--ServerSession(65263936)--Exception [EclipseLink-4002] (Eclipse Persistence Services - 2.3.0.v20110604-r9504): org.eclipse.persistence.exceptions.DatabaseException
Internal Exception: java.sql.SQLException: Table/View 'SEQUENCE' already exists in Schema 'APP'.
Error Code: 30000
Call: CREATE TABLE SEQUENCE (SEQ_NAME VARCHAR(50) NOT NULL, SEQ_COUNT DECIMAL(15), PRIMARY KEY (SEQ_NAME))
Query: DataModifyQuery(sql="CREATE TABLE SEQUENCE (SEQ_NAME VARCHAR(50) NOT NULL, SEQ_COUNT DECIMAL(15), PRIMARY KEY (SEQ_NAME))")
[EL Info]: 2014-10-13 19:24:16.581--ServerSession(65263936)--file:/Users/filipschollin/Documents/Linkoping/TDP024/TDP024/account-data-impl-db/dist/account-data-impl-db.jar_account-dataPU logout successful
[EL Info]: 2014-10-13 19:24:16.597--ServerSession(1677035203)--EclipseLink, version: Eclipse Persistence Services - 2.3.0.v20110604-r9504
[EL Info]: 2014-10-13 19:24:16.605--ServerSession(1677035203)--file:/Users/filipschollin/Documents/Linkoping/TDP024/TDP024/account-data-impl-db/dist/account-data-impl-db.jar_account-dataPU login successful
[EL Warning]: 2014-10-13 19:24:16.734--ServerSession(1677035203)--Exception [EclipseLink-4002] (Eclipse Persistence Services - 2.3.0.v20110604-r9504): org.eclipse.persistence.exceptions.DatabaseException
Internal Exception: java.sql.SQLException: Table/View 'SEQUENCE' already exists in Schema 'APP'.
Error Code: 30000
Call: CREATE TABLE SEQUENCE (SEQ_NAME VARCHAR(50) NOT NULL, SEQ_COUNT DECIMAL(15), PRIMARY KEY (SEQ_NAME))
Query: DataModifyQuery(sql="CREATE TABLE SEQUENCE (SEQ_NAME VARCHAR(50) NOT NULL, SEQ_COUNT DECIMAL(15), PRIMARY KEY (SEQ_NAME))")
updateAmount, change: 30
30
[EL Info]: 2014-10-13 19:24:16.843--ServerSession(1677035203)--file:/Users/filipschollin/Documents/Linkoping/TDP024/TDP024/account-data-impl-db/dist/account-data-impl-db.jar_account-dataPU logout successful
]]></system-out>
  <system-err><![CDATA[]]></system-err>
</testsuite>
