<?xml version="1.0" encoding="UTF-8" ?>
<testsuite errors="0" failures="0" hostname="FabiansHP" name="se.liu.ida.tdp024.account.data.test.facade.TransactionEntityFacadeTest" skipped="0" tests="5" time="3.155" timestamp="2014-10-10T10:10:49">
  <properties>
[...]
</properties>
  <testcase classname="se.liu.ida.tdp024.account.data.test.facade.TransactionEntityFacadeTest" name="createTest" time="2.445" />
  <testcase classname="se.liu.ida.tdp024.account.data.test.facade.TransactionEntityFacadeTest" name="findTest" time="0.185" />
  <testcase classname="se.liu.ida.tdp024.account.data.test.facade.TransactionEntityFacadeTest" name="updateTest" time="0.15" />
  <testcase classname="se.liu.ida.tdp024.account.data.test.facade.TransactionEntityFacadeTest" name="findAllTest" time="0.147" />
  <testcase classname="se.liu.ida.tdp024.account.data.test.facade.TransactionEntityFacadeTest" name="removeTest" time="0.144" />
  <system-out><![CDATA[[EL Info]: 2014-10-10 12:10:50.714--ServerSession(2138940949)--EclipseLink, version: Eclipse Persistence Services - 2.3.0.v20110604-r9504
[EL Info]: 2014-10-10 12:10:51.675--ServerSession(2138940949)--file:/C:/Users/Fabian/Development/TDP024/account-data-impl-db/dist/account-data-impl-db.jar_account-dataPU login successful
[EL Warning]: 2014-10-10 12:10:51.873--ServerSession(2138940949)--Exception [EclipseLink-4002] (Eclipse Persistence Services - 2.3.0.v20110604-r9504): org.eclipse.persistence.exceptions.DatabaseException
Internal Exception: java.sql.SQLSyntaxErrorException: 'ALTER TABLE' cannot be performed on 'TRANSACTIONDB' because it does not exist.
Error Code: 30000
Call: ALTER TABLE TRANSACTIONDB DROP CONSTRAINT TRNSACTIONDBCCNTID
Query: DataModifyQuery(sql="ALTER TABLE TRANSACTIONDB DROP CONSTRAINT TRNSACTIONDBCCNTID")
[EL Warning]: 2014-10-10 12:10:51.877--ServerSession(2138940949)--Exception [EclipseLink-4002] (Eclipse Persistence Services - 2.3.0.v20110604-r9504): org.eclipse.persistence.exceptions.DatabaseException
Internal Exception: java.sql.SQLSyntaxErrorException: 'DROP TABLE' cannot be performed on 'ACCOUNTDB' because it does not exist.
Error Code: 30000
Call: DROP TABLE ACCOUNTDB
Query: DataModifyQuery(sql="DROP TABLE ACCOUNTDB")
[EL Warning]: 2014-10-10 12:10:51.924--ServerSession(2138940949)--Exception [EclipseLink-4002] (Eclipse Persistence Services - 2.3.0.v20110604-r9504): org.eclipse.persistence.exceptions.DatabaseException
Internal Exception: java.sql.SQLSyntaxErrorException: 'DROP TABLE' cannot be performed on 'TRANSACTIONDB' because it does not exist.
Error Code: 30000
Call: DROP TABLE TRANSACTIONDB
Query: DataModifyQuery(sql="DROP TABLE TRANSACTIONDB")
[EL Info]: 2014-10-10 12:10:52.177--ServerSession(2138940949)--file:/C:/Users/Fabian/Development/TDP024/account-data-impl-db/dist/account-data-impl-db.jar_account-dataPU logout successful
[EL Info]: 2014-10-10 12:10:52.195--ServerSession(847141562)--EclipseLink, version: Eclipse Persistence Services - 2.3.0.v20110604-r9504
[EL Info]: 2014-10-10 12:10:52.2--ServerSession(847141562)--file:/C:/Users/Fabian/Development/TDP024/account-data-impl-db/dist/account-data-impl-db.jar_account-dataPU login successful
[EL Warning]: 2014-10-10 12:10:52.322--ServerSession(847141562)--Exception [EclipseLink-4002] (Eclipse Persistence Services - 2.3.0.v20110604-r9504): org.eclipse.persistence.exceptions.DatabaseException
Internal Exception: java.sql.SQLException: Table/View 'SEQUENCE' already exists in Schema 'APP'.
Error Code: 30000
Call: CREATE TABLE SEQUENCE (SEQ_NAME VARCHAR(50) NOT NULL, SEQ_COUNT DECIMAL(15), PRIMARY KEY (SEQ_NAME))
Query: DataModifyQuery(sql="CREATE TABLE SEQUENCE (SEQ_NAME VARCHAR(50) NOT NULL, SEQ_COUNT DECIMAL(15), PRIMARY KEY (SEQ_NAME))")
[EL Info]: 2014-10-10 12:10:52.364--ServerSession(847141562)--file:/C:/Users/Fabian/Development/TDP024/account-data-impl-db/dist/account-data-impl-db.jar_account-dataPU logout successful
[EL Info]: 2014-10-10 12:10:52.379--ServerSession(1024636129)--EclipseLink, version: Eclipse Persistence Services - 2.3.0.v20110604-r9504
[EL Info]: 2014-10-10 12:10:52.384--ServerSession(1024636129)--file:/C:/Users/Fabian/Development/TDP024/account-data-impl-db/dist/account-data-impl-db.jar_account-dataPU login successful
[EL Warning]: 2014-10-10 12:10:52.477--ServerSession(1024636129)--Exception [EclipseLink-4002] (Eclipse Persistence Services - 2.3.0.v20110604-r9504): org.eclipse.persistence.exceptions.DatabaseException
Internal Exception: java.sql.SQLException: Table/View 'SEQUENCE' already exists in Schema 'APP'.
Error Code: 30000
Call: CREATE TABLE SEQUENCE (SEQ_NAME VARCHAR(50) NOT NULL, SEQ_COUNT DECIMAL(15), PRIMARY KEY (SEQ_NAME))
Query: DataModifyQuery(sql="CREATE TABLE SEQUENCE (SEQ_NAME VARCHAR(50) NOT NULL, SEQ_COUNT DECIMAL(15), PRIMARY KEY (SEQ_NAME))")
[EL Info]: 2014-10-10 12:10:52.515--ServerSession(1024636129)--file:/C:/Users/Fabian/Development/TDP024/account-data-impl-db/dist/account-data-impl-db.jar_account-dataPU logout successful
[EL Info]: 2014-10-10 12:10:52.528--ServerSession(776953907)--EclipseLink, version: Eclipse Persistence Services - 2.3.0.v20110604-r9504
[EL Info]: 2014-10-10 12:10:52.532--ServerSession(776953907)--file:/C:/Users/Fabian/Development/TDP024/account-data-impl-db/dist/account-data-impl-db.jar_account-dataPU login successful
[EL Warning]: 2014-10-10 12:10:52.601--ServerSession(776953907)--Exception [EclipseLink-4002] (Eclipse Persistence Services - 2.3.0.v20110604-r9504): org.eclipse.persistence.exceptions.DatabaseException
Internal Exception: java.sql.SQLException: Table/View 'SEQUENCE' already exists in Schema 'APP'.
Error Code: 30000
Call: CREATE TABLE SEQUENCE (SEQ_NAME VARCHAR(50) NOT NULL, SEQ_COUNT DECIMAL(15), PRIMARY KEY (SEQ_NAME))
Query: DataModifyQuery(sql="CREATE TABLE SEQUENCE (SEQ_NAME VARCHAR(50) NOT NULL, SEQ_COUNT DECIMAL(15), PRIMARY KEY (SEQ_NAME))")
[EL Info]: 2014-10-10 12:10:52.663--ServerSession(776953907)--file:/C:/Users/Fabian/Development/TDP024/account-data-impl-db/dist/account-data-impl-db.jar_account-dataPU logout successful
[EL Info]: 2014-10-10 12:10:52.682--ServerSession(33806227)--EclipseLink, version: Eclipse Persistence Services - 2.3.0.v20110604-r9504
[EL Info]: 2014-10-10 12:10:52.688--ServerSession(33806227)--file:/C:/Users/Fabian/Development/TDP024/account-data-impl-db/dist/account-data-impl-db.jar_account-dataPU login successful
[EL Warning]: 2014-10-10 12:10:52.777--ServerSession(33806227)--Exception [EclipseLink-4002] (Eclipse Persistence Services - 2.3.0.v20110604-r9504): org.eclipse.persistence.exceptions.DatabaseException
Internal Exception: java.sql.SQLException: Table/View 'SEQUENCE' already exists in Schema 'APP'.
Error Code: 30000
Call: CREATE TABLE SEQUENCE (SEQ_NAME VARCHAR(50) NOT NULL, SEQ_COUNT DECIMAL(15), PRIMARY KEY (SEQ_NAME))
Query: DataModifyQuery(sql="CREATE TABLE SEQUENCE (SEQ_NAME VARCHAR(50) NOT NULL, SEQ_COUNT DECIMAL(15), PRIMARY KEY (SEQ_NAME))")
[EL Info]: 2014-10-10 12:10:52.808--ServerSession(33806227)--file:/C:/Users/Fabian/Development/TDP024/account-data-impl-db/dist/account-data-impl-db.jar_account-dataPU logout successful
]]></system-out>
  <system-err><![CDATA[]]></system-err>
</testsuite>
