<?xml version="1.0" encoding="UTF-8" ?>
<testsuite errors="0" failures="0" hostname="c-206-128.eduroam.liu.se" name="tdp024.account.rest.service.AccountServiceTest" tests="1" time="0.714" timestamp="2014-09-25T12:38:46">
  <properties>
[...]
</properties>
  <testcase classname="tdp024.account.rest.service.AccountServiceTest" name="testCreate" time="0.627" />
  <system-out><![CDATA[{"key":"ahRzfmVudGVycHJpc2Utc3lzdGVtc3INCxIGUGVyc29uGIwnDA","name":"Lisa Lisasson"}
hej
]]></system-out>
  <system-err><![CDATA[]]></system-err>
</testsuite>
